#
# There is insufficient memory for the Java Runtime Environment to continue.
# Native memory allocation (mmap) failed to map 627048448 bytes for G1 virtual space
# Possible reasons:
#   The system is out of physical RAM or swap space
#   The process is running with CompressedOops enabled, and the Java Heap may be blocking the growth of the native heap
# Possible solutions:
#   Reduce memory load on the system
#   Increase physical memory or swap space
#   Check if swap backing store is full
#   Decrease Java heap size (-Xmx/-Xms)
#   Decrease number of Java threads
#   Decrease Java thread stack sizes (-Xss)
#   Set larger code cache with -XX:ReservedCodeCacheSize=
#   JVM is running with Unscaled Compressed Oops mode in which the Java heap is
#     placed in the first 4GB address space. The Java Heap base address is the
#     maximum limit for the native heap growth. Please use -XX:HeapBaseMinAddress
#     to set the Java Heap base and to place the Java Heap above 4GB virtual address.
# This output file may be truncated or incomplete.
#
#  Out of Memory Error (os_windows.cpp:3769), pid=1420, tid=13576
#
# JRE version: OpenJDK Runtime Environment (17.0.6) (build 17.0.6+0-b2043.56-10027231)
# Java VM: OpenJDK 64-Bit Server VM (17.0.6+0-b2043.56-10027231, mixed mode, tiered, compressed oops, compressed class ptrs, g1 gc, windows-amd64)
# No core dump will be written. Minidumps are not enabled by default on client versions of Windows
#

---------------  S U M M A R Y ------------

Command Line: --add-opens=java.base/java.util=ALL-UNNAMED --add-opens=java.base/java.lang=ALL-UNNAMED --add-opens=java.base/java.lang.invoke=ALL-UNNAMED --add-opens=java.prefs/java.util.prefs=ALL-UNNAMED --add-opens=java.base/java.nio.charset=ALL-UNNAMED --add-opens=java.base/java.net=ALL-UNNAMED --add-opens=java.base/java.util.concurrent.atomic=ALL-UNNAMED -Xmx2048m -Dfile.encoding=UTF-8 -Duser.country=US -Duser.language=en -Duser.variant org.gradle.launcher.daemon.bootstrap.GradleDaemon 8.0

Host: 11th Gen Intel(R) Core(TM) i3-1115G4 @ 3.00GHz, 4 cores, 11G,  Windows 10 , 64 bit Build 19041 (10.0.19041.1741)
Time: Thu Dec 14 03:54:33 2023 SE Asia Standard Time elapsed time: 911.028073 seconds (0d 0h 15m 11s)

---------------  T H R E A D  ---------------

Current thread (0x000002c75d5eec30):  VMThread "VM Thread" [stack: 0x000000eb79b00000,0x000000eb79c00000] [id=13576]

Stack: [0x000000eb79b00000,0x000000eb79c00000]
Native frames: (J=compiled Java code, j=interpreted, Vv=VM code, C=native code)
V  [jvm.dll+0x683c9a]
V  [jvm.dll+0x8427a4]
V  [jvm.dll+0x843f9e]
V  [jvm.dll+0x844603]
V  [jvm.dll+0x249b75]
V  [jvm.dll+0x680b69]
V  [jvm.dll+0x67505a]
V  [jvm.dll+0x309acb]
V  [jvm.dll+0x310f86]
V  [jvm.dll+0x3608ee]
V  [jvm.dll+0x360b1f]
V  [jvm.dll+0x2dfbf8]
V  [jvm.dll+0x2ddec4]
V  [jvm.dll+0x2dd4cc]
V  [jvm.dll+0x322261]
V  [jvm.dll+0x848ccb]
V  [jvm.dll+0x849a04]
V  [jvm.dll+0x849f1d]
V  [jvm.dll+0x84a2f4]
V  [jvm.dll+0x84a3c0]
V  [jvm.dll+0x7f274a]
V  [jvm.dll+0x682ad5]
C  [ucrtbase.dll+0x21bb2]
C  [KERNEL32.DLL+0x17034]
C  [ntdll.dll+0x52651]

VM_Operation (0x000000eb04bfecb0): G1TryInitiateConcMark, mode: safepoint, requested by thread 0x000002c76b10f2b0


---------------  P R O C E S S  ---------------

Threads class SMR info:
_java_thread_list=0x000002c76fe38e40, length=105, elements={
0x000002c743fe8cb0, 0x000002c75e02bd90, 0x000002c75e02cad0, 0x000002c75e0733b0,
0x000002c75e075c80, 0x000002c75e078550, 0x000002c75e078e10, 0x000002c75e079ab0,
0x000002c75e0e2c90, 0x000002c75e0f3180, 0x000002c75e1f4830, 0x000002c75e1f5110,
0x000002c75ed5b2e0, 0x000002c75ed5d490, 0x000002c75ed5bc80, 0x000002c75ed59fa0,
0x000002c75ed5caf0, 0x000002c75ed5ae10, 0x000002c761604eb0, 0x000002c761604040,
0x000002c761602360, 0x000002c7616036a0, 0x000002c761602d00, 0x000002c7615fe000,
0x000002c7616031d0, 0x000002c761600680, 0x000002c7616049e0, 0x000002c7613935f0,
0x000002c763ae90c0, 0x000002c7640570a0, 0x000002c764054ef0, 0x000002c7640588b0,
0x000002c764057a40, 0x000002c763708340, 0x000002c76ef31560, 0x000002c76ef30220,
0x000002c76ef2f880, 0x000002c76ef31f00, 0x000002c76ef328a0, 0x000002c76ef306f0,
0x000002c76ef30bc0, 0x000002c766b7eee0, 0x000002c766b81090, 0x000002c766b7fd50,
0x000002c766b81560, 0x000002c766b806f0, 0x000002c76ef31090, 0x000002c76ef323d0,
0x000002c76ef2eee0, 0x000002c76ef31a30, 0x000002c76a8d39c0, 0x000002c76a8d2680,
0x000002c76a8d04d0, 0x000002c763708810, 0x000002c76370a020, 0x000002c7637091b0,
0x000002c763709b50, 0x000002c76370a4f0, 0x000002c764055890, 0x000002c764051530,
0x000002c7640553c0, 0x000002c764054550, 0x000002c764054a20, 0x000002c764057f10,
0x000002c764056700, 0x000002c7640583e0, 0x000002c764052d40, 0x000002c764057570,
0x000002c7640523a0, 0x000002c764052870, 0x000002c764053210, 0x000002c764056bd0,
0x000002c764053bb0, 0x000002c7613957a0, 0x000002c761397950, 0x000002c761396fb0,
0x000002c761390f70, 0x000002c761392780, 0x000002c761394460, 0x000002c761392c50,
0x000002c761394930, 0x000002c761397e20, 0x000002c7613952d0, 0x000002c761393120,
0x000002c761395c70, 0x000002c7613982f0, 0x000002c761396610, 0x000002c766b81a30,
0x000002c763709680, 0x000002c76370a9c0, 0x000002c7637079a0, 0x000002c761390aa0,
0x000002c761391440, 0x000002c761391910, 0x000002c761391de0, 0x000002c7616019c0,
0x000002c766b7f880, 0x000002c763707e70, 0x000002c766b7e540, 0x000002c766b7f3b0,
0x000002c76b10e910, 0x000002c76b10ede0, 0x000002c75f13ed40, 0x000002c76b10f2b0,
0x000002c76b10df70
}

Java Threads: ( => current thread )
  0x000002c743fe8cb0 JavaThread "main" [_thread_blocked, id=11108, stack(0x000000eb79500000,0x000000eb79600000)]
  0x000002c75e02bd90 JavaThread "Reference Handler" daemon [_thread_blocked, id=2524, stack(0x000000eb79c00000,0x000000eb79d00000)]
  0x000002c75e02cad0 JavaThread "Finalizer" daemon [_thread_blocked, id=13044, stack(0x000000eb79d00000,0x000000eb79e00000)]
  0x000002c75e0733b0 JavaThread "Signal Dispatcher" daemon [_thread_blocked, id=6628, stack(0x000000eb79e00000,0x000000eb79f00000)]
  0x000002c75e075c80 JavaThread "Attach Listener" daemon [_thread_blocked, id=10268, stack(0x000000eb79f00000,0x000000eb7a000000)]
  0x000002c75e078550 JavaThread "Service Thread" daemon [_thread_blocked, id=17276, stack(0x000000eb7a000000,0x000000eb7a100000)]
  0x000002c75e078e10 JavaThread "Monitor Deflation Thread" daemon [_thread_blocked, id=2528, stack(0x000000eb7a100000,0x000000eb7a200000)]
  0x000002c75e079ab0 JavaThread "C2 CompilerThread0" daemon [_thread_blocked, id=9024, stack(0x000000eb7a200000,0x000000eb7a300000)]
  0x000002c75e0e2c90 JavaThread "C1 CompilerThread0" daemon [_thread_blocked, id=15736, stack(0x000000eb7a300000,0x000000eb7a400000)]
  0x000002c75e0f3180 JavaThread "Sweeper thread" daemon [_thread_blocked, id=17192, stack(0x000000eb7a400000,0x000000eb7a500000)]
  0x000002c75e1f4830 JavaThread "Common-Cleaner" daemon [_thread_blocked, id=4336, stack(0x000000eb7a500000,0x000000eb7a600000)]
  0x000002c75e1f5110 JavaThread "Notification Thread" daemon [_thread_blocked, id=3460, stack(0x000000eb7a600000,0x000000eb7a700000)]
  0x000002c75ed5b2e0 JavaThread "Daemon health stats" [_thread_blocked, id=13432, stack(0x000000eb7ac00000,0x000000eb7ad00000)]
  0x000002c75ed5d490 JavaThread "Incoming local TCP Connector on port 24468" [_thread_in_native, id=18344, stack(0x000000eb7ad00000,0x000000eb7ae00000)]
  0x000002c75ed5bc80 JavaThread "Daemon periodic checks" [_thread_blocked, id=12808, stack(0x000000eb7ae00000,0x000000eb7af00000)]
  0x000002c75ed59fa0 JavaThread "Cache worker for journal cache (C:\Users\ASUS\.gradle\caches\journal-1)" [_thread_blocked, id=3168, stack(0x000000eb7b600000,0x000000eb7b700000)]
  0x000002c75ed5caf0 JavaThread "File lock request listener" [_thread_in_native, id=18192, stack(0x000000eb7b700000,0x000000eb7b800000)]
  0x000002c75ed5ae10 JavaThread "Cache worker for file hash cache (C:\Users\ASUS\.gradle\caches\8.0\fileHashes)" [_thread_blocked, id=12872, stack(0x000000eb7b800000,0x000000eb7b900000)]
  0x000002c761604eb0 JavaThread "File watcher server" daemon [_thread_blocked, id=17204, stack(0x000000eb7b900000,0x000000eb7ba00000)]
  0x000002c761604040 JavaThread "File watcher consumer" daemon [_thread_blocked, id=17916, stack(0x000000eb7ba00000,0x000000eb7bb00000)]
  0x000002c761602360 JavaThread "Cache worker for file content cache (C:\Users\ASUS\.gradle\caches\8.0\fileContent)" [_thread_blocked, id=12528, stack(0x000000eb7bd00000,0x000000eb7be00000)]
  0x000002c7616036a0 JavaThread "Cache worker for execution history cache (C:\Users\ASUS\.gradle\caches\8.0\executionHistory)" [_thread_blocked, id=7520, stack(0x000000eb7c000000,0x000000eb7c100000)]
  0x000002c761602d00 JavaThread "jar transforms" [_thread_blocked, id=14620, stack(0x000000eb7c100000,0x000000eb7c200000)]
  0x000002c7615fe000 JavaThread "jar transforms Thread 2" [_thread_blocked, id=18208, stack(0x000000eb7c200000,0x000000eb7c300000)]
  0x000002c7616031d0 JavaThread "Cache worker for kotlin-dsl (C:\Users\ASUS\.gradle\caches\8.0\kotlin-dsl)" [_thread_blocked, id=17656, stack(0x000000eb7c400000,0x000000eb7c500000)]
  0x000002c761600680 JavaThread "jar transforms Thread 3" [_thread_blocked, id=16528, stack(0x000000eb7c500000,0x000000eb7c600000)]
  0x000002c7616049e0 JavaThread "jar transforms Thread 4" [_thread_blocked, id=13448, stack(0x000000eb7c600000,0x000000eb7c700000)]
  0x000002c7613935f0 JavaThread "Memory manager" [_thread_blocked, id=16496, stack(0x000000eb7f200000,0x000000eb7f300000)]
  0x000002c763ae90c0 JavaThread "RMI Scheduler(0)" daemon [_thread_blocked, id=4816, stack(0x000000eb00200000,0x000000eb00300000)]
  0x000002c7640570a0 JavaThread "RMI GC Daemon" daemon [_thread_blocked, id=2852, stack(0x000000eb00400000,0x000000eb00500000)]
  0x000002c764054ef0 JavaThread "RMI TCP Accept-0" daemon [_thread_in_native, id=5780, stack(0x000000eb00500000,0x000000eb00600000)]
  0x000002c7640588b0 JavaThread "RMI Reaper" [_thread_blocked, id=17364, stack(0x000000eb00600000,0x000000eb00700000)]
  0x000002c764057a40 JavaThread "Cache worker for Java compile cache (C:\Users\ASUS\.gradle\caches\8.0\javaCompile)" [_thread_blocked, id=12976, stack(0x000000eb00b00000,0x000000eb00c00000)]
  0x000002c763708340 JavaThread "RMI TCP Connection(12)-127.0.0.1" daemon [_thread_in_native, id=13584, stack(0x000000eb00000000,0x000000eb00100000)]
  0x000002c76ef31560 JavaThread "Daemon Thread 7" [_thread_blocked, id=3000, stack(0x000000eb00100000,0x000000eb00200000)]
  0x000002c76ef30220 JavaThread "Handler for socket connection from /127.0.0.1:24468 to /127.0.0.1:24637" [_thread_in_native, id=6840, stack(0x000000eb00300000,0x000000eb00400000)]
  0x000002c76ef2f880 JavaThread "Cancel handler" [_thread_blocked, id=9508, stack(0x000000eb00700000,0x000000eb00800000)]
  0x000002c76ef31f00 JavaThread "Daemon worker Thread 7" [_thread_blocked, id=17688, stack(0x000000eb00800000,0x000000eb00900000)]
  0x000002c76ef328a0 JavaThread "Asynchronous log dispatcher for DefaultDaemonConnection: socket connection from /127.0.0.1:24468 to /127.0.0.1:24637" [_thread_blocked, id=7908, stack(0x000000eb00900000,0x000000eb00a00000)]
  0x000002c76ef306f0 JavaThread "Stdin handler" [_thread_blocked, id=7084, stack(0x000000eb00a00000,0x000000eb00b00000)]
  0x000002c76ef30bc0 JavaThread "Daemon client event forwarder" [_thread_blocked, id=8860, stack(0x000000eb00c00000,0x000000eb00d00000)]
  0x000002c766b7eee0 JavaThread "Cache worker for checksums cache (D:\Latihan\Latihan\.vscode\UAS_PPK\UASPPK\.gradle\8.0\checksums)" [_thread_blocked, id=18052, stack(0x000000eb00d00000,0x000000eb00e00000)]
  0x000002c766b81090 JavaThread "Cache worker for cache directory md-rule (C:\Users\ASUS\.gradle\caches\8.0\md-rule)" [_thread_blocked, id=4464, stack(0x000000eb00e00000,0x000000eb00f00000)]
  0x000002c766b7fd50 JavaThread "Cache worker for file hash cache (D:\Latihan\Latihan\.vscode\UAS_PPK\UASPPK\.gradle\8.0\fileHashes)" [_thread_blocked, id=14032, stack(0x000000eb00f00000,0x000000eb01000000)]
  0x000002c766b81560 JavaThread "Cache worker for cache directory md-supplier (C:\Users\ASUS\.gradle\caches\8.0\md-supplier)" [_thread_blocked, id=3848, stack(0x000000eb01000000,0x000000eb01100000)]
  0x000002c766b806f0 JavaThread "Cache worker for dependencies-accessors (D:\Latihan\Latihan\.vscode\UAS_PPK\UASPPK\.gradle\8.0\dependencies-accessors)" [_thread_blocked, id=1916, stack(0x000000eb01100000,0x000000eb01200000)]
  0x000002c76ef31090 JavaThread "Cache worker for Build Output Cleanup Cache (D:\Latihan\Latihan\.vscode\UAS_PPK\UASPPK\.gradle\buildOutputCleanup)" [_thread_blocked, id=3244, stack(0x000000eb01200000,0x000000eb01300000)]
  0x000002c76ef323d0 JavaThread "Unconstrained build operations" [_thread_blocked, id=14160, stack(0x000000eb01400000,0x000000eb01500000)]
  0x000002c76ef2eee0 JavaThread "Unconstrained build operations Thread 2" [_thread_blocked, id=16120, stack(0x000000eb01500000,0x000000eb01600000)]
  0x000002c76ef31a30 JavaThread "Unconstrained build operations Thread 3" [_thread_blocked, id=16976, stack(0x000000eb01600000,0x000000eb01700000)]
  0x000002c76a8d39c0 JavaThread "Unconstrained build operations Thread 4" [_thread_blocked, id=13532, stack(0x000000eb01700000,0x000000eb01800000)]
  0x000002c76a8d2680 JavaThread "Unconstrained build operations Thread 5" [_thread_blocked, id=3228, stack(0x000000eb01800000,0x000000eb01900000)]
  0x000002c76a8d04d0 JavaThread "Unconstrained build operations Thread 6" [_thread_blocked, id=16252, stack(0x000000eb01900000,0x000000eb01a00000)]
  0x000002c763708810 JavaThread "Unconstrained build operations Thread 7" [_thread_blocked, id=10428, stack(0x000000eb01a00000,0x000000eb01b00000)]
  0x000002c76370a020 JavaThread "Unconstrained build operations Thread 8" [_thread_blocked, id=12440, stack(0x000000eb01b00000,0x000000eb01c00000)]
  0x000002c7637091b0 JavaThread "Unconstrained build operations Thread 9" [_thread_blocked, id=2308, stack(0x000000eb01c00000,0x000000eb01d00000)]
  0x000002c763709b50 JavaThread "Unconstrained build operations Thread 10" [_thread_blocked, id=16152, stack(0x000000eb01d00000,0x000000eb01e00000)]
  0x000002c76370a4f0 JavaThread "Unconstrained build operations Thread 11" [_thread_blocked, id=11328, stack(0x000000eb01e00000,0x000000eb01f00000)]
  0x000002c764055890 JavaThread "Unconstrained build operations Thread 12" [_thread_blocked, id=12660, stack(0x000000eb01f00000,0x000000eb02000000)]
  0x000002c764051530 JavaThread "Unconstrained build operations Thread 13" [_thread_blocked, id=2612, stack(0x000000eb02000000,0x000000eb02100000)]
  0x000002c7640553c0 JavaThread "Unconstrained build operations Thread 14" [_thread_blocked, id=13240, stack(0x000000eb02100000,0x000000eb02200000)]
  0x000002c764054550 JavaThread "Unconstrained build operations Thread 15" [_thread_blocked, id=12672, stack(0x000000eb02200000,0x000000eb02300000)]
  0x000002c764054a20 JavaThread "Unconstrained build operations Thread 16" [_thread_blocked, id=11688, stack(0x000000eb02300000,0x000000eb02400000)]
  0x000002c764057f10 JavaThread "Unconstrained build operations Thread 17" [_thread_blocked, id=14384, stack(0x000000eb02400000,0x000000eb02500000)]
  0x000002c764056700 JavaThread "Unconstrained build operations Thread 18" [_thread_blocked, id=7820, stack(0x000000eb02500000,0x000000eb02600000)]
  0x000002c7640583e0 JavaThread "Unconstrained build operations Thread 19" [_thread_blocked, id=10364, stack(0x000000eb02600000,0x000000eb02700000)]
  0x000002c764052d40 JavaThread "Unconstrained build operations Thread 20" [_thread_blocked, id=13172, stack(0x000000eb02700000,0x000000eb02800000)]
  0x000002c764057570 JavaThread "Unconstrained build operations Thread 21" [_thread_blocked, id=15608, stack(0x000000eb02800000,0x000000eb02900000)]
  0x000002c7640523a0 JavaThread "Unconstrained build operations Thread 22" [_thread_blocked, id=17680, stack(0x000000eb02900000,0x000000eb02a00000)]
  0x000002c764052870 JavaThread "Unconstrained build operations Thread 23" [_thread_blocked, id=18312, stack(0x000000eb02a00000,0x000000eb02b00000)]
  0x000002c764053210 JavaThread "Unconstrained build operations Thread 24" [_thread_blocked, id=18360, stack(0x000000eb02b00000,0x000000eb02c00000)]
  0x000002c764056bd0 JavaThread "Unconstrained build operations Thread 25" [_thread_blocked, id=18172, stack(0x000000eb02c00000,0x000000eb02d00000)]
  0x000002c764053bb0 JavaThread "Unconstrained build operations Thread 26" [_thread_blocked, id=2588, stack(0x000000eb02d00000,0x000000eb02e00000)]
  0x000002c7613957a0 JavaThread "Unconstrained build operations Thread 27" [_thread_blocked, id=11448, stack(0x000000eb02e00000,0x000000eb02f00000)]
  0x000002c761397950 JavaThread "Unconstrained build operations Thread 28" [_thread_blocked, id=17596, stack(0x000000eb02f00000,0x000000eb03000000)]
  0x000002c761396fb0 JavaThread "Unconstrained build operations Thread 29" [_thread_blocked, id=5372, stack(0x000000eb03000000,0x000000eb03100000)]
  0x000002c761390f70 JavaThread "Unconstrained build operations Thread 30" [_thread_blocked, id=12344, stack(0x000000eb03100000,0x000000eb03200000)]
  0x000002c761392780 JavaThread "Unconstrained build operations Thread 31" [_thread_blocked, id=13588, stack(0x000000eb03200000,0x000000eb03300000)]
  0x000002c761394460 JavaThread "Unconstrained build operations Thread 32" [_thread_blocked, id=14532, stack(0x000000eb03300000,0x000000eb03400000)]
  0x000002c761392c50 JavaThread "Unconstrained build operations Thread 33" [_thread_blocked, id=9484, stack(0x000000eb03400000,0x000000eb03500000)]
  0x000002c761394930 JavaThread "Unconstrained build operations Thread 34" [_thread_blocked, id=15388, stack(0x000000eb03500000,0x000000eb03600000)]
  0x000002c761397e20 JavaThread "Unconstrained build operations Thread 35" [_thread_blocked, id=17780, stack(0x000000eb03600000,0x000000eb03700000)]
  0x000002c7613952d0 JavaThread "Unconstrained build operations Thread 36" [_thread_blocked, id=11844, stack(0x000000eb03700000,0x000000eb03800000)]
  0x000002c761393120 JavaThread "Unconstrained build operations Thread 37" [_thread_blocked, id=17864, stack(0x000000eb03800000,0x000000eb03900000)]
  0x000002c761395c70 JavaThread "Unconstrained build operations Thread 38" [_thread_blocked, id=11708, stack(0x000000eb03900000,0x000000eb03a00000)]
  0x000002c7613982f0 JavaThread "Unconstrained build operations Thread 39" [_thread_blocked, id=14668, stack(0x000000eb03a00000,0x000000eb03b00000)]
  0x000002c761396610 JavaThread "Unconstrained build operations Thread 40" [_thread_blocked, id=9668, stack(0x000000eb03b00000,0x000000eb03c00000)]
  0x000002c766b81a30 JavaThread "build event listener" [_thread_blocked, id=18120, stack(0x000000eb03c00000,0x000000eb03d00000)]
  0x000002c763709680 JavaThread "build event listener" [_thread_blocked, id=3340, stack(0x000000eb03d00000,0x000000eb03e00000)]
  0x000002c76370a9c0 JavaThread "build event listener" [_thread_blocked, id=14956, stack(0x000000eb03e00000,0x000000eb03f00000)]
  0x000002c7637079a0 JavaThread "included builds" [_thread_blocked, id=15680, stack(0x000000eb03f00000,0x000000eb04000000)]
  0x000002c761390aa0 JavaThread "Execution worker" [_thread_blocked, id=14064, stack(0x000000eb04000000,0x000000eb04100000)]
  0x000002c761391440 JavaThread "Execution worker Thread 2" [_thread_blocked, id=8628, stack(0x000000eb04100000,0x000000eb04200000)]
  0x000002c761391910 JavaThread "Execution worker Thread 3" [_thread_blocked, id=15804, stack(0x000000eb04200000,0x000000eb04300000)]
  0x000002c761391de0 JavaThread "Cache worker for execution history cache (D:\Latihan\Latihan\.vscode\UAS_PPK\UASPPK\.gradle\8.0\executionHistory)" [_thread_blocked, id=13704, stack(0x000000eb04300000,0x000000eb04400000)]
  0x000002c7616019c0 JavaThread "WorkerExecutor Queue" [_thread_blocked, id=10292, stack(0x000000eb04400000,0x000000eb04500000)]
  0x000002c766b7f880 JavaThread "RMI RenewClean-[127.0.0.1:17465,org.jetbrains.kotlin.daemon.common.LoopbackNetworkInterface$ClientLoopbackSocketFactory@42467d91]" daemon [_thread_blocked, id=16608, stack(0x000000eb04500000,0x000000eb04600000)]
  0x000002c763707e70 JavaThread "RMI TCP Connection(13)-127.0.0.1" daemon [_thread_in_native, id=9452, stack(0x000000eb04600000,0x000000eb04700000)]
  0x000002c766b7e540 JavaThread "WorkerExecutor Queue Thread 2" [_thread_blocked, id=15580, stack(0x000000eb01300000,0x000000eb01400000)]
  0x000002c766b7f3b0 JavaThread "WorkerExecutor Queue Thread 3" [_thread_blocked, id=18292, stack(0x000000eb04700000,0x000000eb04800000)]
  0x000002c76b10e910 JavaThread "WorkerExecutor Queue Thread 4" [_thread_blocked, id=15724, stack(0x000000eb04800000,0x000000eb04900000)]
  0x000002c76b10ede0 JavaThread "WorkerExecutor Queue Thread 5" [_thread_blocked, id=14752, stack(0x000000eb04900000,0x000000eb04a00000)]
  0x000002c75f13ed40 JavaThread "C2 CompilerThread1" daemon [_thread_blocked, id=5424, stack(0x000000eb04a00000,0x000000eb04b00000)]
  0x000002c76b10f2b0 JavaThread "ForkJoinPool.commonPool-worker-9" daemon [_thread_blocked, id=13968, stack(0x000000eb04b00000,0x000000eb04c00000)]
  0x000002c76b10df70 JavaThread "ForkJoinPool.commonPool-worker-10" daemon [_thread_blocked, id=15344, stack(0x000000eb04c00000,0x000000eb04d00000)]

Other Threads:
=>0x000002c75d5eec30 VMThread "VM Thread" [stack: 0x000000eb79b00000,0x000000eb79c00000] [id=13576]
  0x000002c744060920 WatcherThread [stack: 0x000000eb7a700000,0x000000eb7a800000] [id=9292]
  0x000002c744047fc0 GCTaskThread "GC Thread#0" [stack: 0x000000eb79600000,0x000000eb79700000] [id=14332]
  0x000002c75e927930 GCTaskThread "GC Thread#1" [stack: 0x000000eb7a900000,0x000000eb7aa00000] [id=6584]
  0x000002c75e7e2c30 GCTaskThread "GC Thread#2" [stack: 0x000000eb7aa00000,0x000000eb7ab00000] [id=1972]
  0x000002c75e7e2ee0 GCTaskThread "GC Thread#3" [stack: 0x000000eb7ab00000,0x000000eb7ac00000] [id=11456]
  0x000002c7440595b0 ConcurrentGCThread "G1 Main Marker" [stack: 0x000000eb79700000,0x000000eb79800000] [id=15012]
  0x000002c744059ed0 ConcurrentGCThread "G1 Conc#0" [stack: 0x000000eb79800000,0x000000eb79900000] [id=9104]
  0x000002c7440be570 ConcurrentGCThread "G1 Refine#0" [stack: 0x000000eb79900000,0x000000eb79a00000] [id=2448]
  0x000002c75f21fd40 ConcurrentGCThread "G1 Refine#1" [stack: 0x000000eb7c300000,0x000000eb7c400000] [id=17556]
  0x000002c76384ab90 ConcurrentGCThread "G1 Refine#2" [stack: 0x000000eb7fa00000,0x000000eb7fb00000] [id=8924]
  0x000002c75d46f5a0 ConcurrentGCThread "G1 Service" [stack: 0x000000eb79a00000,0x000000eb79b00000] [id=17980]

Threads with active compile tasks:

VM state: at safepoint (normal execution)

VM Mutex/Monitor currently owned by a thread:  ([mutex/lock_event])
[0x000002c743fe4ef0] Threads_lock - owner thread: 0x000002c75d5eec30
[0x000002c743fe52e0] Heap_lock - owner thread: 0x000002c76b10f2b0

Heap address: 0x0000000080000000, size: 2048 MB, Compressed Oops mode: 32-bit

CDS archive(s) not mapped
Compressed class space mapped at: 0x0000000100000000-0x0000000140000000, reserved size: 1073741824
Narrow klass base: 0x0000000000000000, Narrow klass shift: 3, Narrow klass range: 0x140000000

GC Precious Log:
 CPUs: 4 total, 4 available
 Memory: 11982M
 Large Page Support: Disabled
 NUMA Support: Disabled
 Compressed Oops: Enabled (32-bit)
 Heap Region Size: 1M
 Heap Min Capacity: 8M
 Heap Initial Capacity: 188M
 Heap Max Capacity: 2G
 Pre-touch: Disabled
 Parallel Workers: 4
 Concurrent Workers: 1
 Concurrent Refinement Workers: 4
 Periodic GC: Disabled

Heap:
 garbage-first heap   total 306176K, used 148513K [0x0000000080000000, 0x0000000100000000)
  region size 1024K, 2 young (2048K), 2 survivors (2048K)
 Metaspace       used 149076K, committed 150208K, reserved 1179648K
  class space    used 19763K, committed 20288K, reserved 1048576K

Heap Regions: E=young(eden), S=young(survivor), O=old, HS=humongous(starts), HC=humongous(continues), CS=collection set, F=free, OA=open archive, CA=closed archive, TAMS=top-at-mark-start (previous, next)
|   0|0x0000000080000000, 0x0000000080100000, 0x0000000080100000|100%| O|  |TAMS 0x0000000080100000, 0x0000000080100000| Untracked 
|   1|0x0000000080100000, 0x0000000080200000, 0x0000000080200000|100%| O|  |TAMS 0x0000000080200000, 0x0000000080200000| Untracked 
|   2|0x0000000080200000, 0x0000000080300000, 0x0000000080300000|100%|HS|  |TAMS 0x0000000080300000, 0x0000000080300000| Complete 
|   3|0x0000000080300000, 0x0000000080400000, 0x0000000080400000|100%|HC|  |TAMS 0x0000000080400000, 0x0000000080400000| Complete 
|   4|0x0000000080400000, 0x0000000080500000, 0x0000000080500000|100%|HC|  |TAMS 0x0000000080500000, 0x0000000080500000| Complete 
|   5|0x0000000080500000, 0x0000000080600000, 0x0000000080600000|100%|HC|  |TAMS 0x0000000080600000, 0x0000000080600000| Complete 
|   6|0x0000000080600000, 0x0000000080700000, 0x0000000080700000|100%| O|  |TAMS 0x0000000080700000, 0x0000000080700000| Untracked 
|   7|0x0000000080700000, 0x0000000080800000, 0x0000000080800000|100%| O|  |TAMS 0x0000000080800000, 0x0000000080800000| Untracked 
|   8|0x0000000080800000, 0x0000000080900000, 0x0000000080900000|100%| O|  |TAMS 0x0000000080900000, 0x0000000080900000| Untracked 
|   9|0x0000000080900000, 0x0000000080a00000, 0x0000000080a00000|100%| O|  |TAMS 0x0000000080a00000, 0x0000000080a00000| Untracked 
|  10|0x0000000080a00000, 0x0000000080b00000, 0x0000000080b00000|100%| O|  |TAMS 0x0000000080b00000, 0x0000000080b00000| Untracked 
|  11|0x0000000080b00000, 0x0000000080c00000, 0x0000000080c00000|100%| O|  |TAMS 0x0000000080c00000, 0x0000000080c00000| Untracked 
|  12|0x0000000080c00000, 0x0000000080d00000, 0x0000000080d00000|100%| O|  |TAMS 0x0000000080c00000, 0x0000000080d00000| Untracked 
|  13|0x0000000080d00000, 0x0000000080e00000, 0x0000000080e00000|100%| O|  |TAMS 0x0000000080e00000, 0x0000000080e00000| Untracked 
|  14|0x0000000080e00000, 0x0000000080f00000, 0x0000000080f00000|100%| O|  |TAMS 0x0000000080f00000, 0x0000000080f00000| Untracked 
|  15|0x0000000080f00000, 0x0000000081000000, 0x0000000081000000|100%| O|  |TAMS 0x0000000081000000, 0x0000000081000000| Untracked 
|  16|0x0000000081000000, 0x0000000081100000, 0x0000000081100000|100%| O|  |TAMS 0x0000000081100000, 0x0000000081100000| Untracked 
|  17|0x0000000081100000, 0x0000000081200000, 0x0000000081200000|100%| O|  |TAMS 0x0000000081200000, 0x0000000081200000| Untracked 
|  18|0x0000000081200000, 0x0000000081300000, 0x0000000081300000|100%| O|  |TAMS 0x0000000081300000, 0x0000000081300000| Untracked 
|  19|0x0000000081300000, 0x0000000081400000, 0x0000000081400000|100%| O|  |TAMS 0x0000000081400000, 0x0000000081400000| Untracked 
|  20|0x0000000081400000, 0x0000000081500000, 0x0000000081500000|100%| O|  |TAMS 0x0000000081500000, 0x0000000081500000| Untracked 
|  21|0x0000000081500000, 0x0000000081600000, 0x0000000081600000|100%| O|  |TAMS 0x0000000081600000, 0x0000000081600000| Untracked 
|  22|0x0000000081600000, 0x0000000081700000, 0x0000000081700000|100%| O|  |TAMS 0x0000000081700000, 0x0000000081700000| Untracked 
|  23|0x0000000081700000, 0x0000000081800000, 0x0000000081800000|100%| O|  |TAMS 0x0000000081800000, 0x0000000081800000| Untracked 
|  24|0x0000000081800000, 0x0000000081900000, 0x0000000081900000|100%| O|  |TAMS 0x0000000081900000, 0x0000000081900000| Untracked 
|  25|0x0000000081900000, 0x0000000081a00000, 0x0000000081a00000|100%| O|  |TAMS 0x0000000081a00000, 0x0000000081a00000| Untracked 
|  26|0x0000000081a00000, 0x0000000081b00000, 0x0000000081b00000|100%| O|  |TAMS 0x0000000081b00000, 0x0000000081b00000| Untracked 
|  27|0x0000000081b00000, 0x0000000081c00000, 0x0000000081c00000|100%| O|  |TAMS 0x0000000081c00000, 0x0000000081c00000| Untracked 
|  28|0x0000000081c00000, 0x0000000081d00000, 0x0000000081d00000|100%| O|  |TAMS 0x0000000081d00000, 0x0000000081d00000| Untracked 
|  29|0x0000000081d00000, 0x0000000081e00000, 0x0000000081e00000|100%| O|  |TAMS 0x0000000081e00000, 0x0000000081e00000| Untracked 
|  30|0x0000000081e00000, 0x0000000081f00000, 0x0000000081f00000|100%| O|  |TAMS 0x0000000081f00000, 0x0000000081f00000| Untracked 
|  31|0x0000000081f00000, 0x0000000082000000, 0x0000000082000000|100%| O|  |TAMS 0x0000000082000000, 0x0000000082000000| Untracked 
|  32|0x0000000082000000, 0x0000000082100000, 0x0000000082100000|100%| O|  |TAMS 0x0000000082100000, 0x0000000082100000| Untracked 
|  33|0x0000000082100000, 0x0000000082200000, 0x0000000082200000|100%|HS|  |TAMS 0x0000000082200000, 0x0000000082200000| Complete 
|  34|0x0000000082200000, 0x0000000082300000, 0x0000000082300000|100%|HS|  |TAMS 0x0000000082300000, 0x0000000082300000| Complete 
|  35|0x0000000082300000, 0x0000000082400000, 0x0000000082400000|100%|HS|  |TAMS 0x0000000082400000, 0x0000000082400000| Complete 
|  36|0x0000000082400000, 0x0000000082500000, 0x0000000082500000|100%|HC|  |TAMS 0x0000000082500000, 0x0000000082500000| Complete 
|  37|0x0000000082500000, 0x0000000082600000, 0x0000000082600000|100%| O|  |TAMS 0x0000000082600000, 0x0000000082600000| Untracked 
|  38|0x0000000082600000, 0x0000000082700000, 0x0000000082700000|100%| O|  |TAMS 0x0000000082700000, 0x0000000082700000| Untracked 
|  39|0x0000000082700000, 0x0000000082800000, 0x0000000082800000|100%| O|  |TAMS 0x0000000082800000, 0x0000000082800000| Untracked 
|  40|0x0000000082800000, 0x0000000082800000, 0x0000000082900000|  0%| F|  |TAMS 0x0000000082800000, 0x0000000082800000| Untracked 
|  41|0x0000000082900000, 0x0000000082a00000, 0x0000000082a00000|100%|HS|  |TAMS 0x0000000082a00000, 0x0000000082a00000| Complete 
|  42|0x0000000082a00000, 0x0000000082b00000, 0x0000000082b00000|100%| O|  |TAMS 0x0000000082b00000, 0x0000000082b00000| Untracked 
|  43|0x0000000082b00000, 0x0000000082c00000, 0x0000000082c00000|100%|HS|  |TAMS 0x0000000082c00000, 0x0000000082c00000| Complete 
|  44|0x0000000082c00000, 0x0000000082d00000, 0x0000000082d00000|100%|HC|  |TAMS 0x0000000082d00000, 0x0000000082d00000| Complete 
|  45|0x0000000082d00000, 0x0000000082e00000, 0x0000000082e00000|100%|HC|  |TAMS 0x0000000082e00000, 0x0000000082e00000| Complete 
|  46|0x0000000082e00000, 0x0000000082f00000, 0x0000000082f00000|100%|HC|  |TAMS 0x0000000082f00000, 0x0000000082f00000| Complete 
|  47|0x0000000082f00000, 0x0000000083000000, 0x0000000083000000|100%| O|  |TAMS 0x0000000083000000, 0x0000000083000000| Untracked 
|  48|0x0000000083000000, 0x0000000083100000, 0x0000000083100000|100%| O|  |TAMS 0x0000000083100000, 0x0000000083100000| Untracked 
|  49|0x0000000083100000, 0x0000000083200000, 0x0000000083200000|100%| O|  |TAMS 0x0000000083200000, 0x0000000083200000| Untracked 
|  50|0x0000000083200000, 0x0000000083300000, 0x0000000083300000|100%| O|  |TAMS 0x0000000083300000, 0x0000000083300000| Untracked 
|  51|0x0000000083300000, 0x0000000083400000, 0x0000000083400000|100%| O|  |TAMS 0x0000000083400000, 0x0000000083400000| Untracked 
|  52|0x0000000083400000, 0x0000000083500000, 0x0000000083500000|100%| O|  |TAMS 0x0000000083500000, 0x0000000083500000| Untracked 
|  53|0x0000000083500000, 0x0000000083600000, 0x0000000083600000|100%| O|  |TAMS 0x0000000083600000, 0x0000000083600000| Untracked 
|  54|0x0000000083600000, 0x0000000083700000, 0x0000000083700000|100%| O|  |TAMS 0x0000000083700000, 0x0000000083700000| Untracked 
|  55|0x0000000083700000, 0x0000000083800000, 0x0000000083800000|100%| O|  |TAMS 0x0000000083800000, 0x0000000083800000| Untracked 
|  56|0x0000000083800000, 0x0000000083900000, 0x0000000083900000|100%| O|  |TAMS 0x0000000083900000, 0x0000000083900000| Untracked 
|  57|0x0000000083900000, 0x0000000083a00000, 0x0000000083a00000|100%| O|  |TAMS 0x0000000083a00000, 0x0000000083a00000| Untracked 
|  58|0x0000000083a00000, 0x0000000083b00000, 0x0000000083b00000|100%| O|  |TAMS 0x0000000083b00000, 0x0000000083b00000| Untracked 
|  59|0x0000000083b00000, 0x0000000083c00000, 0x0000000083c00000|100%| O|  |TAMS 0x0000000083c00000, 0x0000000083c00000| Untracked 
|  60|0x0000000083c00000, 0x0000000083d00000, 0x0000000083d00000|100%| O|  |TAMS 0x0000000083d00000, 0x0000000083d00000| Untracked 
|  61|0x0000000083d00000, 0x0000000083e00000, 0x0000000083e00000|100%| O|  |TAMS 0x0000000083e00000, 0x0000000083e00000| Untracked 
|  62|0x0000000083e00000, 0x0000000083f00000, 0x0000000083f00000|100%| O|  |TAMS 0x0000000083f00000, 0x0000000083f00000| Untracked 
|  63|0x0000000083f00000, 0x0000000084000000, 0x0000000084000000|100%| O|  |TAMS 0x0000000084000000, 0x0000000084000000| Untracked 
|  64|0x0000000084000000, 0x0000000084000000, 0x0000000084100000|  0%| F|  |TAMS 0x0000000084000000, 0x0000000084000000| Untracked 
|  65|0x0000000084100000, 0x0000000084200000, 0x0000000084200000|100%| O|  |TAMS 0x0000000084200000, 0x0000000084200000| Untracked 
|  66|0x0000000084200000, 0x0000000084300000, 0x0000000084300000|100%| O|  |TAMS 0x0000000084300000, 0x0000000084300000| Untracked 
|  67|0x0000000084300000, 0x0000000084400000, 0x0000000084400000|100%| O|  |TAMS 0x0000000084400000, 0x0000000084400000| Untracked 
|  68|0x0000000084400000, 0x0000000084500000, 0x0000000084500000|100%| O|  |TAMS 0x0000000084500000, 0x0000000084500000| Untracked 
|  69|0x0000000084500000, 0x0000000084600000, 0x0000000084600000|100%| O|  |TAMS 0x0000000084600000, 0x0000000084600000| Untracked 
|  70|0x0000000084600000, 0x0000000084700000, 0x0000000084700000|100%| O|  |TAMS 0x0000000084700000, 0x0000000084700000| Untracked 
|  71|0x0000000084700000, 0x0000000084800000, 0x0000000084800000|100%| O|  |TAMS 0x0000000084800000, 0x0000000084800000| Untracked 
|  72|0x0000000084800000, 0x0000000084900000, 0x0000000084900000|100%| O|  |TAMS 0x0000000084900000, 0x0000000084900000| Untracked 
|  73|0x0000000084900000, 0x0000000084900000, 0x0000000084a00000|  0%| F|  |TAMS 0x0000000084900000, 0x0000000084900000| Untracked 
|  74|0x0000000084a00000, 0x0000000084a00000, 0x0000000084b00000|  0%| F|  |TAMS 0x0000000084a00000, 0x0000000084a00000| Untracked 
|  75|0x0000000084b00000, 0x0000000084b00000, 0x0000000084c00000|  0%| F|  |TAMS 0x0000000084b00000, 0x0000000084b00000| Untracked 
|  76|0x0000000084c00000, 0x0000000084d00000, 0x0000000084d00000|100%| O|  |TAMS 0x0000000084d00000, 0x0000000084d00000| Untracked 
|  77|0x0000000084d00000, 0x0000000084e00000, 0x0000000084e00000|100%| O|  |TAMS 0x0000000084e00000, 0x0000000084e00000| Untracked 
|  78|0x0000000084e00000, 0x0000000084f00000, 0x0000000084f00000|100%| O|  |TAMS 0x0000000084f00000, 0x0000000084f00000| Untracked 
|  79|0x0000000084f00000, 0x0000000085000000, 0x0000000085000000|100%| O|  |TAMS 0x0000000085000000, 0x0000000085000000| Untracked 
|  80|0x0000000085000000, 0x0000000085100000, 0x0000000085100000|100%| O|  |TAMS 0x0000000085100000, 0x0000000085100000| Untracked 
|  81|0x0000000085100000, 0x0000000085200000, 0x0000000085200000|100%| O|  |TAMS 0x0000000085200000, 0x0000000085200000| Untracked 
|  82|0x0000000085200000, 0x0000000085300000, 0x0000000085300000|100%| O|  |TAMS 0x0000000085300000, 0x0000000085300000| Untracked 
|  83|0x0000000085300000, 0x0000000085400000, 0x0000000085400000|100%| O|  |TAMS 0x0000000085400000, 0x0000000085400000| Untracked 
|  84|0x0000000085400000, 0x0000000085500000, 0x0000000085500000|100%| O|  |TAMS 0x0000000085500000, 0x0000000085500000| Untracked 
|  85|0x0000000085500000, 0x0000000085600000, 0x0000000085600000|100%| O|  |TAMS 0x0000000085500000, 0x0000000085600000| Untracked 
|  86|0x0000000085600000, 0x0000000085700000, 0x0000000085700000|100%| O|  |TAMS 0x0000000085700000, 0x0000000085700000| Untracked 
|  87|0x0000000085700000, 0x0000000085800000, 0x0000000085800000|100%| O|  |TAMS 0x0000000085800000, 0x0000000085800000| Untracked 
|  88|0x0000000085800000, 0x0000000085900000, 0x0000000085900000|100%| O|  |TAMS 0x0000000085800000, 0x0000000085900000| Untracked 
|  89|0x0000000085900000, 0x0000000085a00000, 0x0000000085a00000|100%| O|  |TAMS 0x0000000085900000, 0x0000000085a00000| Untracked 
|  90|0x0000000085a00000, 0x0000000085a00000, 0x0000000085b00000|  0%| F|  |TAMS 0x0000000085a00000, 0x0000000085a00000| Untracked 
|  91|0x0000000085b00000, 0x0000000085c00000, 0x0000000085c00000|100%| O|  |TAMS 0x0000000085c00000, 0x0000000085c00000| Untracked 
|  92|0x0000000085c00000, 0x0000000085c00000, 0x0000000085d00000|  0%| F|  |TAMS 0x0000000085c00000, 0x0000000085c00000| Untracked 
|  93|0x0000000085d00000, 0x0000000085e00000, 0x0000000085e00000|100%| O|  |TAMS 0x0000000085e00000, 0x0000000085e00000| Untracked 
|  94|0x0000000085e00000, 0x0000000085e00000, 0x0000000085f00000|  0%| F|  |TAMS 0x0000000085e00000, 0x0000000085e00000| Untracked 
|  95|0x0000000085f00000, 0x0000000086000000, 0x0000000086000000|100%| O|  |TAMS 0x0000000086000000, 0x0000000086000000| Untracked 
|  96|0x0000000086000000, 0x0000000086000000, 0x0000000086100000|  0%| F|  |TAMS 0x0000000086000000, 0x0000000086000000| Untracked 
|  97|0x0000000086100000, 0x0000000086200000, 0x0000000086200000|100%| O|  |TAMS 0x0000000086100000, 0x0000000086200000| Untracked 
|  98|0x0000000086200000, 0x0000000086300000, 0x0000000086300000|100%| O|  |TAMS 0x0000000086300000, 0x0000000086300000| Untracked 
|  99|0x0000000086300000, 0x0000000086400000, 0x0000000086400000|100%| O|  |TAMS 0x0000000086400000, 0x0000000086400000| Untracked 
| 100|0x0000000086400000, 0x0000000086500000, 0x0000000086500000|100%| O|  |TAMS 0x0000000086500000, 0x0000000086500000| Untracked 
| 101|0x0000000086500000, 0x0000000086600000, 0x0000000086600000|100%| O|  |TAMS 0x0000000086600000, 0x0000000086600000| Untracked 
| 102|0x0000000086600000, 0x0000000086700000, 0x0000000086700000|100%| O|  |TAMS 0x0000000086700000, 0x0000000086700000| Untracked 
| 103|0x0000000086700000, 0x0000000086800000, 0x0000000086800000|100%| O|  |TAMS 0x0000000086800000, 0x0000000086800000| Untracked 
| 104|0x0000000086800000, 0x0000000086900000, 0x0000000086900000|100%| O|  |TAMS 0x0000000086900000, 0x0000000086900000| Untracked 
| 105|0x0000000086900000, 0x0000000086a00000, 0x0000000086a00000|100%| O|  |TAMS 0x0000000086a00000, 0x0000000086a00000| Untracked 
| 106|0x0000000086a00000, 0x0000000086b00000, 0x0000000086b00000|100%| O|  |TAMS 0x0000000086b00000, 0x0000000086b00000| Untracked 
| 107|0x0000000086b00000, 0x0000000086c00000, 0x0000000086c00000|100%| O|  |TAMS 0x0000000086c00000, 0x0000000086c00000| Untracked 
| 108|0x0000000086c00000, 0x0000000086d00000, 0x0000000086d00000|100%| O|  |TAMS 0x0000000086d00000, 0x0000000086d00000| Untracked 
| 109|0x0000000086d00000, 0x0000000086e00000, 0x0000000086e00000|100%| O|  |TAMS 0x0000000086e00000, 0x0000000086e00000| Untracked 
| 110|0x0000000086e00000, 0x0000000086f00000, 0x0000000086f00000|100%| O|  |TAMS 0x0000000086f00000, 0x0000000086f00000| Untracked 
| 111|0x0000000086f00000, 0x0000000087000000, 0x0000000087000000|100%| O|  |TAMS 0x0000000087000000, 0x0000000087000000| Untracked 
| 112|0x0000000087000000, 0x0000000087100000, 0x0000000087100000|100%| O|  |TAMS 0x0000000087100000, 0x0000000087100000| Untracked 
| 113|0x0000000087100000, 0x0000000087200000, 0x0000000087200000|100%| O|  |TAMS 0x0000000087200000, 0x0000000087200000| Untracked 
| 114|0x0000000087200000, 0x0000000087300000, 0x0000000087300000|100%| O|  |TAMS 0x0000000087300000, 0x0000000087300000| Untracked 
| 115|0x0000000087300000, 0x0000000087400000, 0x0000000087400000|100%| O|  |TAMS 0x0000000087400000, 0x0000000087400000| Untracked 
| 116|0x0000000087400000, 0x0000000087500000, 0x0000000087500000|100%| O|  |TAMS 0x0000000087500000, 0x0000000087500000| Untracked 
| 117|0x0000000087500000, 0x0000000087600000, 0x0000000087600000|100%| O|  |TAMS 0x0000000087600000, 0x0000000087600000| Untracked 
| 118|0x0000000087600000, 0x0000000087700000, 0x0000000087700000|100%| O|  |TAMS 0x0000000087700000, 0x0000000087700000| Untracked 
| 119|0x0000000087700000, 0x0000000087800000, 0x0000000087800000|100%| O|  |TAMS 0x0000000087800000, 0x0000000087800000| Untracked 
| 120|0x0000000087800000, 0x0000000087900000, 0x0000000087900000|100%| O|  |TAMS 0x0000000087900000, 0x0000000087900000| Untracked 
| 121|0x0000000087900000, 0x0000000087a00000, 0x0000000087a00000|100%| O|  |TAMS 0x0000000087a00000, 0x0000000087a00000| Untracked 
| 122|0x0000000087a00000, 0x0000000087b00000, 0x0000000087b00000|100%| O|  |TAMS 0x0000000087a00000, 0x0000000087b00000| Untracked 
| 123|0x0000000087b00000, 0x0000000087c00000, 0x0000000087c00000|100%| O|  |TAMS 0x0000000087b00000, 0x0000000087c00000| Untracked 
| 124|0x0000000087c00000, 0x0000000087d00000, 0x0000000087d00000|100%| O|  |TAMS 0x0000000087d00000, 0x0000000087d00000| Untracked 
| 125|0x0000000087d00000, 0x0000000087e00000, 0x0000000087e00000|100%| O|  |TAMS 0x0000000087d00000, 0x0000000087e00000| Untracked 
| 126|0x0000000087e00000, 0x0000000087f00000, 0x0000000087f00000|100%| O|  |TAMS 0x0000000087f00000, 0x0000000087f00000| Untracked 
| 127|0x0000000087f00000, 0x0000000088000000, 0x0000000088000000|100%| O|  |TAMS 0x0000000087f00000, 0x0000000088000000| Untracked 
| 128|0x0000000088000000, 0x0000000088100000, 0x0000000088100000|100%| O|  |TAMS 0x0000000088100000, 0x0000000088100000| Untracked 
| 129|0x0000000088100000, 0x0000000088200000, 0x0000000088200000|100%| O|  |TAMS 0x0000000088200000, 0x0000000088200000| Untracked 
| 130|0x0000000088200000, 0x0000000088300000, 0x0000000088300000|100%| O|  |TAMS 0x0000000088300000, 0x0000000088300000| Untracked 
| 131|0x0000000088300000, 0x0000000088400000, 0x0000000088400000|100%| O|  |TAMS 0x0000000088400000, 0x0000000088400000| Untracked 
| 132|0x0000000088400000, 0x0000000088500000, 0x0000000088500000|100%| O|  |TAMS 0x0000000088500000, 0x0000000088500000| Untracked 
| 133|0x0000000088500000, 0x0000000088600000, 0x0000000088600000|100%| O|  |TAMS 0x0000000088600000, 0x0000000088600000| Untracked 
| 134|0x0000000088600000, 0x0000000088700000, 0x0000000088700000|100%| O|  |TAMS 0x0000000088700000, 0x0000000088700000| Untracked 
| 135|0x0000000088700000, 0x0000000088800000, 0x0000000088800000|100%| O|  |TAMS 0x0000000088800000, 0x0000000088800000| Untracked 
| 136|0x0000000088800000, 0x0000000088900000, 0x0000000088900000|100%| O|  |TAMS 0x0000000088900000, 0x0000000088900000| Untracked 
| 137|0x0000000088900000, 0x0000000088a00000, 0x0000000088a00000|100%| O|  |TAMS 0x0000000088a00000, 0x0000000088a00000| Untracked 
| 138|0x0000000088a00000, 0x0000000088b00000, 0x0000000088b00000|100%| O|  |TAMS 0x0000000088b00000, 0x0000000088b00000| Untracked 
| 139|0x0000000088b00000, 0x0000000088c00000, 0x0000000088c00000|100%| O|  |TAMS 0x0000000088c00000, 0x0000000088c00000| Untracked 
| 140|0x0000000088c00000, 0x0000000088d00000, 0x0000000088d00000|100%| O|  |TAMS 0x0000000088d00000, 0x0000000088d00000| Untracked 
| 141|0x0000000088d00000, 0x0000000088e00000, 0x0000000088e00000|100%| O|  |TAMS 0x0000000088dda400, 0x0000000088e00000| Untracked 
| 142|0x0000000088e00000, 0x0000000088f00000, 0x0000000088f00000|100%| O|  |TAMS 0x0000000088e00000, 0x0000000088f00000| Untracked 
| 143|0x0000000088f00000, 0x0000000089000000, 0x0000000089000000|100%| O|  |TAMS 0x0000000088f00000, 0x0000000089000000| Untracked 
| 144|0x0000000089000000, 0x0000000089100000, 0x0000000089100000|100%| O|  |TAMS 0x0000000089000000, 0x0000000089100000| Untracked 
| 145|0x0000000089100000, 0x000000008915ac00, 0x0000000089200000| 35%| O|  |TAMS 0x0000000089100000, 0x000000008915ac00| Untracked 
| 146|0x0000000089200000, 0x0000000089200000, 0x0000000089300000|  0%| F|  |TAMS 0x0000000089200000, 0x0000000089200000| Untracked 
| 147|0x0000000089300000, 0x0000000089300000, 0x0000000089400000|  0%| F|  |TAMS 0x0000000089300000, 0x0000000089300000| Untracked 
| 148|0x0000000089400000, 0x0000000089400000, 0x0000000089500000|  0%| F|  |TAMS 0x0000000089400000, 0x0000000089400000| Untracked 
| 149|0x0000000089500000, 0x0000000089500000, 0x0000000089600000|  0%| F|  |TAMS 0x0000000089500000, 0x0000000089500000| Untracked 
| 150|0x0000000089600000, 0x0000000089600000, 0x0000000089700000|  0%| F|  |TAMS 0x0000000089600000, 0x0000000089600000| Untracked 
| 151|0x0000000089700000, 0x0000000089700000, 0x0000000089800000|  0%| F|  |TAMS 0x0000000089700000, 0x0000000089700000| Untracked 
| 152|0x0000000089800000, 0x0000000089800000, 0x0000000089900000|  0%| F|  |TAMS 0x0000000089800000, 0x0000000089800000| Untracked 
| 153|0x0000000089900000, 0x0000000089900000, 0x0000000089a00000|  0%| F|  |TAMS 0x0000000089900000, 0x0000000089900000| Untracked 
| 154|0x0000000089a00000, 0x0000000089a00000, 0x0000000089b00000|  0%| F|  |TAMS 0x0000000089a00000, 0x0000000089a00000| Untracked 
| 155|0x0000000089b00000, 0x0000000089b00000, 0x0000000089c00000|  0%| F|  |TAMS 0x0000000089b00000, 0x0000000089b00000| Untracked 
| 156|0x0000000089c00000, 0x0000000089c00000, 0x0000000089d00000|  0%| F|  |TAMS 0x0000000089c00000, 0x0000000089c00000| Untracked 
| 157|0x0000000089d00000, 0x0000000089e00000, 0x0000000089e00000|100%| O|  |TAMS 0x0000000089e00000, 0x0000000089e00000| Untracked 
| 158|0x0000000089e00000, 0x0000000089e00000, 0x0000000089f00000|  0%| F|  |TAMS 0x0000000089e00000, 0x0000000089e00000| Untracked 
| 159|0x0000000089f00000, 0x000000008a000000, 0x000000008a000000|100%| O|  |TAMS 0x000000008a000000, 0x000000008a000000| Untracked 
| 160|0x000000008a000000, 0x000000008a100000, 0x000000008a100000|100%| O|  |TAMS 0x000000008a100000, 0x000000008a100000| Untracked 
| 161|0x000000008a100000, 0x000000008a100000, 0x000000008a200000|  0%| F|  |TAMS 0x000000008a100000, 0x000000008a100000| Untracked 
| 162|0x000000008a200000, 0x000000008a300000, 0x000000008a300000|100%| O|  |TAMS 0x000000008a300000, 0x000000008a300000| Untracked 
| 163|0x000000008a300000, 0x000000008a400000, 0x000000008a400000|100%| O|  |TAMS 0x000000008a400000, 0x000000008a400000| Untracked 
| 164|0x000000008a400000, 0x000000008a500000, 0x000000008a500000|100%| O|  |TAMS 0x000000008a500000, 0x000000008a500000| Untracked 
| 165|0x000000008a500000, 0x000000008a600000, 0x000000008a600000|100%| O|  |TAMS 0x000000008a600000, 0x000000008a600000| Untracked 
| 166|0x000000008a600000, 0x000000008a600000, 0x000000008a700000|  0%| F|  |TAMS 0x000000008a600000, 0x000000008a600000| Untracked 
| 167|0x000000008a700000, 0x000000008a700000, 0x000000008a800000|  0%| F|  |TAMS 0x000000008a700000, 0x000000008a700000| Untracked 
| 168|0x000000008a800000, 0x000000008a800000, 0x000000008a900000|  0%| F|  |TAMS 0x000000008a800000, 0x000000008a800000| Untracked 
| 169|0x000000008a900000, 0x000000008a900000, 0x000000008aa00000|  0%| F|  |TAMS 0x000000008a900000, 0x000000008a900000| Untracked 
| 170|0x000000008aa00000, 0x000000008aa00000, 0x000000008ab00000|  0%| F|  |TAMS 0x000000008aa00000, 0x000000008aa00000| Untracked 
| 171|0x000000008ab00000, 0x000000008ab00000, 0x000000008ac00000|  0%| F|  |TAMS 0x000000008ab00000, 0x000000008ab00000| Untracked 
| 172|0x000000008ac00000, 0x000000008ac00000, 0x000000008ad00000|  0%| F|  |TAMS 0x000000008ac00000, 0x000000008ac00000| Untracked 
| 173|0x000000008ad00000, 0x000000008ad00000, 0x000000008ae00000|  0%| F|  |TAMS 0x000000008ad00000, 0x000000008ad00000| Untracked 
| 174|0x000000008ae00000, 0x000000008ae00000, 0x000000008af00000|  0%| F|  |TAMS 0x000000008ae00000, 0x000000008ae00000| Untracked 
| 175|0x000000008af00000, 0x000000008af00000, 0x000000008b000000|  0%| F|  |TAMS 0x000000008af00000, 0x000000008af00000| Untracked 
| 176|0x000000008b000000, 0x000000008b000000, 0x000000008b100000|  0%| F|  |TAMS 0x000000008b000000, 0x000000008b000000| Untracked 
| 177|0x000000008b100000, 0x000000008b100000, 0x000000008b200000|  0%| F|  |TAMS 0x000000008b100000, 0x000000008b100000| Untracked 
| 178|0x000000008b200000, 0x000000008b200000, 0x000000008b300000|  0%| F|  |TAMS 0x000000008b200000, 0x000000008b200000| Untracked 
| 179|0x000000008b300000, 0x000000008b300000, 0x000000008b400000|  0%| F|  |TAMS 0x000000008b300000, 0x000000008b300000| Untracked 
| 180|0x000000008b400000, 0x000000008b400000, 0x000000008b500000|  0%| F|  |TAMS 0x000000008b400000, 0x000000008b400000| Untracked 
| 181|0x000000008b500000, 0x000000008b500000, 0x000000008b600000|  0%| F|  |TAMS 0x000000008b500000, 0x000000008b500000| Untracked 
| 182|0x000000008b600000, 0x000000008b600000, 0x000000008b700000|  0%| F|  |TAMS 0x000000008b600000, 0x000000008b600000| Untracked 
| 183|0x000000008b700000, 0x000000008b700000, 0x000000008b800000|  0%| F|  |TAMS 0x000000008b700000, 0x000000008b700000| Untracked 
| 184|0x000000008b800000, 0x000000008b800000, 0x000000008b900000|  0%| F|  |TAMS 0x000000008b800000, 0x000000008b800000| Untracked 
| 185|0x000000008b900000, 0x000000008b900000, 0x000000008ba00000|  0%| F|  |TAMS 0x000000008b900000, 0x000000008b900000| Untracked 
| 186|0x000000008ba00000, 0x000000008ba00000, 0x000000008bb00000|  0%| F|  |TAMS 0x000000008ba00000, 0x000000008ba00000| Untracked 
| 187|0x000000008bb00000, 0x000000008bb00000, 0x000000008bc00000|  0%| F|  |TAMS 0x000000008bb00000, 0x000000008bb00000| Untracked 
| 188|0x000000008bc00000, 0x000000008bc00000, 0x000000008bd00000|  0%| F|  |TAMS 0x000000008bc00000, 0x000000008bc00000| Untracked 
| 189|0x000000008bd00000, 0x000000008bd00000, 0x000000008be00000|  0%| F|  |TAMS 0x000000008bd00000, 0x000000008bd00000| Untracked 
| 190|0x000000008be00000, 0x000000008be00000, 0x000000008bf00000|  0%| F|  |TAMS 0x000000008be00000, 0x000000008be00000| Untracked 
| 191|0x000000008bf00000, 0x000000008bf00000, 0x000000008c000000|  0%| F|  |TAMS 0x000000008bf00000, 0x000000008bf00000| Untracked 
| 192|0x000000008c000000, 0x000000008c000000, 0x000000008c100000|  0%| F|  |TAMS 0x000000008c000000, 0x000000008c000000| Untracked 
| 193|0x000000008c100000, 0x000000008c100000, 0x000000008c200000|  0%| F|  |TAMS 0x000000008c100000, 0x000000008c100000| Untracked 
| 194|0x000000008c200000, 0x000000008c200000, 0x000000008c300000|  0%| F|  |TAMS 0x000000008c200000, 0x000000008c200000| Untracked 
| 195|0x000000008c300000, 0x000000008c300000, 0x000000008c400000|  0%| F|  |TAMS 0x000000008c300000, 0x000000008c300000| Untracked 
| 196|0x000000008c400000, 0x000000008c400000, 0x000000008c500000|  0%| F|  |TAMS 0x000000008c400000, 0x000000008c400000| Untracked 
| 197|0x000000008c500000, 0x000000008c500000, 0x000000008c600000|  0%| F|  |TAMS 0x000000008c500000, 0x000000008c500000| Untracked 
| 198|0x000000008c600000, 0x000000008c600000, 0x000000008c700000|  0%| F|  |TAMS 0x000000008c600000, 0x000000008c600000| Untracked 
| 199|0x000000008c700000, 0x000000008c700000, 0x000000008c800000|  0%| F|  |TAMS 0x000000008c700000, 0x000000008c700000| Untracked 
| 200|0x000000008c800000, 0x000000008c800000, 0x000000008c900000|  0%| F|  |TAMS 0x000000008c800000, 0x000000008c800000| Untracked 
| 201|0x000000008c900000, 0x000000008c900000, 0x000000008ca00000|  0%| F|  |TAMS 0x000000008c900000, 0x000000008c900000| Untracked 
| 202|0x000000008ca00000, 0x000000008ca00000, 0x000000008cb00000|  0%| F|  |TAMS 0x000000008ca00000, 0x000000008ca00000| Untracked 
| 203|0x000000008cb00000, 0x000000008cb00000, 0x000000008cc00000|  0%| F|  |TAMS 0x000000008cb00000, 0x000000008cb00000| Untracked 
| 204|0x000000008cc00000, 0x000000008cc00000, 0x000000008cd00000|  0%| F|  |TAMS 0x000000008cc00000, 0x000000008cc00000| Untracked 
| 205|0x000000008cd00000, 0x000000008cd00000, 0x000000008ce00000|  0%| F|  |TAMS 0x000000008cd00000, 0x000000008cd00000| Untracked 
| 206|0x000000008ce00000, 0x000000008ce00000, 0x000000008cf00000|  0%| F|  |TAMS 0x000000008ce00000, 0x000000008ce00000| Untracked 
| 207|0x000000008cf00000, 0x000000008cf00000, 0x000000008d000000|  0%| F|  |TAMS 0x000000008cf00000, 0x000000008cf00000| Untracked 
| 208|0x000000008d000000, 0x000000008d000000, 0x000000008d100000|  0%| F|  |TAMS 0x000000008d000000, 0x000000008d000000| Untracked 
| 209|0x000000008d100000, 0x000000008d100000, 0x000000008d200000|  0%| F|  |TAMS 0x000000008d100000, 0x000000008d100000| Untracked 
| 210|0x000000008d200000, 0x000000008d200000, 0x000000008d300000|  0%| F|  |TAMS 0x000000008d200000, 0x000000008d200000| Untracked 
| 211|0x000000008d300000, 0x000000008d300000, 0x000000008d400000|  0%| F|  |TAMS 0x000000008d300000, 0x000000008d300000| Untracked 
| 212|0x000000008d400000, 0x000000008d400000, 0x000000008d500000|  0%| F|  |TAMS 0x000000008d400000, 0x000000008d400000| Untracked 
| 213|0x000000008d500000, 0x000000008d500000, 0x000000008d600000|  0%| F|  |TAMS 0x000000008d500000, 0x000000008d500000| Untracked 
| 214|0x000000008d600000, 0x000000008d600000, 0x000000008d700000|  0%| F|  |TAMS 0x000000008d600000, 0x000000008d600000| Untracked 
| 215|0x000000008d700000, 0x000000008d700000, 0x000000008d800000|  0%| F|  |TAMS 0x000000008d700000, 0x000000008d700000| Untracked 
| 216|0x000000008d800000, 0x000000008d800000, 0x000000008d900000|  0%| F|  |TAMS 0x000000008d800000, 0x000000008d800000| Untracked 
| 217|0x000000008d900000, 0x000000008d900000, 0x000000008da00000|  0%| F|  |TAMS 0x000000008d900000, 0x000000008d900000| Untracked 
| 218|0x000000008da00000, 0x000000008da00000, 0x000000008db00000|  0%| F|  |TAMS 0x000000008da00000, 0x000000008da00000| Untracked 
| 219|0x000000008db00000, 0x000000008db00000, 0x000000008dc00000|  0%| F|  |TAMS 0x000000008db00000, 0x000000008db00000| Untracked 
| 220|0x000000008dc00000, 0x000000008dc00000, 0x000000008dd00000|  0%| F|  |TAMS 0x000000008dc00000, 0x000000008dc00000| Untracked 
| 221|0x000000008dd00000, 0x000000008dd00000, 0x000000008de00000|  0%| F|  |TAMS 0x000000008dd00000, 0x000000008dd00000| Untracked 
| 222|0x000000008de00000, 0x000000008de00000, 0x000000008df00000|  0%| F|  |TAMS 0x000000008de00000, 0x000000008de00000| Untracked 
| 223|0x000000008df00000, 0x000000008df00000, 0x000000008e000000|  0%| F|  |TAMS 0x000000008df00000, 0x000000008df00000| Untracked 
| 224|0x000000008e000000, 0x000000008e000000, 0x000000008e100000|  0%| F|  |TAMS 0x000000008e000000, 0x000000008e000000| Untracked 
| 225|0x000000008e100000, 0x000000008e100000, 0x000000008e200000|  0%| F|  |TAMS 0x000000008e100000, 0x000000008e100000| Untracked 
| 226|0x000000008e200000, 0x000000008e200000, 0x000000008e300000|  0%| F|  |TAMS 0x000000008e200000, 0x000000008e200000| Untracked 
| 227|0x000000008e300000, 0x000000008e300000, 0x000000008e400000|  0%| F|  |TAMS 0x000000008e300000, 0x000000008e300000| Untracked 
| 228|0x000000008e400000, 0x000000008e400000, 0x000000008e500000|  0%| F|  |TAMS 0x000000008e400000, 0x000000008e400000| Untracked 
| 229|0x000000008e500000, 0x000000008e500000, 0x000000008e600000|  0%| F|  |TAMS 0x000000008e500000, 0x000000008e500000| Untracked 
| 230|0x000000008e600000, 0x000000008e600000, 0x000000008e700000|  0%| F|  |TAMS 0x000000008e600000, 0x000000008e600000| Untracked 
| 231|0x000000008e700000, 0x000000008e700000, 0x000000008e800000|  0%| F|  |TAMS 0x000000008e700000, 0x000000008e700000| Untracked 
| 232|0x000000008e800000, 0x000000008e800000, 0x000000008e900000|  0%| F|  |TAMS 0x000000008e800000, 0x000000008e800000| Untracked 
| 233|0x000000008e900000, 0x000000008e900000, 0x000000008ea00000|  0%| F|  |TAMS 0x000000008e900000, 0x000000008e900000| Untracked 
| 234|0x000000008ea00000, 0x000000008ea00000, 0x000000008eb00000|  0%| F|  |TAMS 0x000000008ea00000, 0x000000008ea00000| Untracked 
| 235|0x000000008eb00000, 0x000000008eb00000, 0x000000008ec00000|  0%| F|  |TAMS 0x000000008eb00000, 0x000000008eb00000| Untracked 
| 236|0x000000008ec00000, 0x000000008ec00000, 0x000000008ed00000|  0%| F|  |TAMS 0x000000008ec00000, 0x000000008ec00000| Untracked 
| 237|0x000000008ed00000, 0x000000008ed00000, 0x000000008ee00000|  0%| F|  |TAMS 0x000000008ed00000, 0x000000008ed00000| Untracked 
| 238|0x000000008ee00000, 0x000000008ee00000, 0x000000008ef00000|  0%| F|  |TAMS 0x000000008ee00000, 0x000000008ee00000| Untracked 
| 239|0x000000008ef00000, 0x000000008ef00000, 0x000000008f000000|  0%| F|  |TAMS 0x000000008ef00000, 0x000000008ef00000| Untracked 
| 240|0x000000008f000000, 0x000000008f000000, 0x000000008f100000|  0%| F|  |TAMS 0x000000008f000000, 0x000000008f000000| Untracked 
| 241|0x000000008f100000, 0x000000008f100000, 0x000000008f200000|  0%| F|  |TAMS 0x000000008f100000, 0x000000008f100000| Untracked 
| 242|0x000000008f200000, 0x000000008f200000, 0x000000008f300000|  0%| F|  |TAMS 0x000000008f200000, 0x000000008f200000| Untracked 
| 243|0x000000008f300000, 0x000000008f300000, 0x000000008f400000|  0%| F|  |TAMS 0x000000008f300000, 0x000000008f300000| Untracked 
| 244|0x000000008f400000, 0x000000008f400000, 0x000000008f500000|  0%| F|  |TAMS 0x000000008f400000, 0x000000008f400000| Untracked 
| 245|0x000000008f500000, 0x000000008f500000, 0x000000008f600000|  0%| F|  |TAMS 0x000000008f500000, 0x000000008f500000| Untracked 
| 246|0x000000008f600000, 0x000000008f600000, 0x000000008f700000|  0%| F|  |TAMS 0x000000008f600000, 0x000000008f600000| Untracked 
| 247|0x000000008f700000, 0x000000008f700000, 0x000000008f800000|  0%| F|  |TAMS 0x000000008f700000, 0x000000008f700000| Untracked 
| 248|0x000000008f800000, 0x000000008f800000, 0x000000008f900000|  0%| F|  |TAMS 0x000000008f800000, 0x000000008f800000| Untracked 
| 249|0x000000008f900000, 0x000000008f900000, 0x000000008fa00000|  0%| F|  |TAMS 0x000000008f900000, 0x000000008f900000| Untracked 
| 250|0x000000008fa00000, 0x000000008fa00000, 0x000000008fb00000|  0%| F|  |TAMS 0x000000008fa00000, 0x000000008fa00000| Untracked 
| 251|0x000000008fb00000, 0x000000008fb00000, 0x000000008fc00000|  0%| F|  |TAMS 0x000000008fb00000, 0x000000008fb00000| Untracked 
| 252|0x000000008fc00000, 0x000000008fc00000, 0x000000008fd00000|  0%| F|  |TAMS 0x000000008fc00000, 0x000000008fc00000| Untracked 
| 253|0x000000008fd00000, 0x000000008fd00000, 0x000000008fe00000|  0%| F|  |TAMS 0x000000008fd00000, 0x000000008fd00000| Untracked 
| 254|0x000000008fe00000, 0x000000008fe00000, 0x000000008ff00000|  0%| F|  |TAMS 0x000000008fe00000, 0x000000008fe00000| Untracked 
| 255|0x000000008ff00000, 0x000000008ff00000, 0x0000000090000000|  0%| F|  |TAMS 0x000000008ff00000, 0x000000008ff00000| Untracked 
| 256|0x0000000090000000, 0x0000000090000000, 0x0000000090100000|  0%| F|  |TAMS 0x0000000090000000, 0x0000000090000000| Untracked 
| 257|0x0000000090100000, 0x0000000090100000, 0x0000000090200000|  0%| F|  |TAMS 0x0000000090100000, 0x0000000090100000| Untracked 
| 258|0x0000000090200000, 0x0000000090200000, 0x0000000090300000|  0%| F|  |TAMS 0x0000000090200000, 0x0000000090200000| Untracked 
| 259|0x0000000090300000, 0x0000000090300000, 0x0000000090400000|  0%| F|  |TAMS 0x0000000090300000, 0x0000000090300000| Untracked 
| 260|0x0000000090400000, 0x0000000090400000, 0x0000000090500000|  0%| F|  |TAMS 0x0000000090400000, 0x0000000090400000| Untracked 
| 261|0x0000000090500000, 0x0000000090500000, 0x0000000090600000|  0%| F|  |TAMS 0x0000000090500000, 0x0000000090500000| Untracked 
| 262|0x0000000090600000, 0x0000000090600000, 0x0000000090700000|  0%| F|  |TAMS 0x0000000090600000, 0x0000000090600000| Untracked 
| 263|0x0000000090700000, 0x0000000090700000, 0x0000000090800000|  0%| F|  |TAMS 0x0000000090700000, 0x0000000090700000| Untracked 
| 264|0x0000000090800000, 0x0000000090800000, 0x0000000090900000|  0%| F|  |TAMS 0x0000000090800000, 0x0000000090800000| Untracked 
| 265|0x0000000090900000, 0x0000000090900000, 0x0000000090a00000|  0%| F|  |TAMS 0x0000000090900000, 0x0000000090900000| Untracked 
| 266|0x0000000090a00000, 0x0000000090a00000, 0x0000000090b00000|  0%| F|  |TAMS 0x0000000090a00000, 0x0000000090a00000| Untracked 
| 267|0x0000000090b00000, 0x0000000090b00000, 0x0000000090c00000|  0%| F|  |TAMS 0x0000000090b00000, 0x0000000090b00000| Untracked 
| 268|0x0000000090c00000, 0x0000000090c00000, 0x0000000090d00000|  0%| F|  |TAMS 0x0000000090c00000, 0x0000000090c00000| Untracked 
| 269|0x0000000090d00000, 0x0000000090d00000, 0x0000000090e00000|  0%| F|  |TAMS 0x0000000090d00000, 0x0000000090d00000| Untracked 
| 270|0x0000000090e00000, 0x0000000090e00000, 0x0000000090f00000|  0%| F|  |TAMS 0x0000000090e00000, 0x0000000090e00000| Untracked 
| 271|0x0000000090f00000, 0x0000000090f00000, 0x0000000091000000|  0%| F|  |TAMS 0x0000000090f00000, 0x0000000090f00000| Untracked 
| 272|0x0000000091000000, 0x0000000091000000, 0x0000000091100000|  0%| F|  |TAMS 0x0000000091000000, 0x0000000091000000| Untracked 
| 273|0x0000000091100000, 0x00000000911ad810, 0x0000000091200000| 67%| S|CS|TAMS 0x0000000091100000, 0x0000000091100000| Complete 
| 274|0x0000000091200000, 0x0000000091300000, 0x0000000091300000|100%| S|CS|TAMS 0x0000000091200000, 0x0000000091200000| Complete 
| 275|0x0000000091300000, 0x0000000091300000, 0x0000000091400000|  0%| F|  |TAMS 0x0000000091300000, 0x0000000091300000| Untracked 
| 276|0x0000000091400000, 0x0000000091400000, 0x0000000091500000|  0%| F|  |TAMS 0x0000000091400000, 0x0000000091400000| Untracked 
| 277|0x0000000091500000, 0x0000000091500000, 0x0000000091600000|  0%| F|  |TAMS 0x0000000091500000, 0x0000000091500000| Untracked 
| 278|0x0000000091600000, 0x0000000091600000, 0x0000000091700000|  0%| F|  |TAMS 0x0000000091600000, 0x0000000091600000| Untracked 
| 279|0x0000000091700000, 0x0000000091700000, 0x0000000091800000|  0%| F|  |TAMS 0x0000000091700000, 0x0000000091700000| Untracked 
| 280|0x0000000091800000, 0x0000000091800000, 0x0000000091900000|  0%| F|  |TAMS 0x0000000091800000, 0x0000000091800000| Untracked 
| 281|0x0000000091900000, 0x0000000091900000, 0x0000000091a00000|  0%| F|  |TAMS 0x0000000091900000, 0x0000000091900000| Untracked 
| 282|0x0000000091a00000, 0x0000000091a00000, 0x0000000091b00000|  0%| F|  |TAMS 0x0000000091a00000, 0x0000000091a00000| Untracked 
| 283|0x0000000091b00000, 0x0000000091b00000, 0x0000000091c00000|  0%| F|  |TAMS 0x0000000091b00000, 0x0000000091b00000| Untracked 
| 284|0x0000000091c00000, 0x0000000091c00000, 0x0000000091d00000|  0%| F|  |TAMS 0x0000000091c00000, 0x0000000091c00000| Untracked 
| 285|0x0000000091d00000, 0x0000000091d00000, 0x0000000091e00000|  0%| F|  |TAMS 0x0000000091d00000, 0x0000000091d00000| Untracked 
| 286|0x0000000091e00000, 0x0000000091e00000, 0x0000000091f00000|  0%| F|  |TAMS 0x0000000091e00000, 0x0000000091e00000| Untracked 
| 287|0x0000000091f00000, 0x0000000091f00000, 0x0000000092000000|  0%| F|  |TAMS 0x0000000091f00000, 0x0000000091f00000| Untracked 
| 288|0x0000000092000000, 0x0000000092000000, 0x0000000092100000|  0%| F|  |TAMS 0x0000000092000000, 0x0000000092000000| Untracked 
| 289|0x0000000092100000, 0x0000000092100000, 0x0000000092200000|  0%| F|  |TAMS 0x0000000092100000, 0x0000000092100000| Untracked 
| 290|0x0000000092200000, 0x0000000092200000, 0x0000000092300000|  0%| F|  |TAMS 0x0000000092200000, 0x0000000092200000| Untracked 
| 291|0x0000000092300000, 0x0000000092300000, 0x0000000092400000|  0%| F|  |TAMS 0x0000000092300000, 0x0000000092300000| Untracked 
| 292|0x0000000092400000, 0x0000000092400000, 0x0000000092500000|  0%| F|  |TAMS 0x0000000092400000, 0x0000000092400000| Untracked 
| 293|0x0000000092500000, 0x0000000092500000, 0x0000000092600000|  0%| F|  |TAMS 0x0000000092500000, 0x0000000092500000| Untracked 
| 294|0x0000000092600000, 0x0000000092600000, 0x0000000092700000|  0%| F|  |TAMS 0x0000000092600000, 0x0000000092600000| Untracked 
| 295|0x0000000092700000, 0x0000000092700000, 0x0000000092800000|  0%| F|  |TAMS 0x0000000092700000, 0x0000000092700000| Untracked 
| 296|0x0000000092800000, 0x0000000092800000, 0x0000000092900000|  0%| F|  |TAMS 0x0000000092800000, 0x0000000092800000| Untracked 
| 297|0x0000000092900000, 0x0000000092900000, 0x0000000092a00000|  0%| F|  |TAMS 0x0000000092900000, 0x0000000092900000| Untracked 
| 298|0x0000000092a00000, 0x0000000092a00000, 0x0000000092b00000|  0%| F|  |TAMS 0x0000000092a00000, 0x0000000092a00000| Untracked 

Card table byte_map: [0x000002c7568c0000,0x000002c756cc0000] _byte_map_base: 0x000002c7564c0000

Marking Bits (Prev, Next): (CMBitMap*) 0x000002c7440484e0, (CMBitMap*) 0x000002c744048520
 Prev Bits: [0x000002c7570c0000, 0x000002c7590c0000)
 Next Bits: [0x000002c7590c0000, 0x000002c75b0c0000)

Polling page: 0x000002c7437c0000

Metaspace:

Usage:
  Non-class:    126.28 MB used.
      Class:     19.30 MB used.
       Both:    145.58 MB used.

Virtual space:
  Non-class space:      128.00 MB reserved,     126.88 MB (>99%) committed,  16 nodes.
      Class space:        1.00 GB reserved,      19.81 MB (  2%) committed,  1 nodes.
             Both:        1.12 GB reserved,     146.69 MB ( 13%) committed. 

Chunk freelists:
   Non-Class:  1.12 MB
       Class:  104.00 KB
        Both:  1.22 MB

MaxMetaspaceSize: unlimited
CompressedClassSpaceSize: 1.00 GB
Initial GC threshold: 21.00 MB
Current GC threshold: 244.00 MB
CDS: off
MetaspaceReclaimPolicy: balanced
 - commit_granule_bytes: 65536.
 - commit_granule_words: 8192.
 - virtual_space_node_default_size: 1048576.
 - enlarge_chunks_in_place: 1.
 - new_chunks_are_fully_committed: 0.
 - uncommit_free_chunks: 1.
 - use_allocation_guard: 0.
 - handle_deallocations: 1.


Internal statistics:

num_allocs_failed_limit: 6.
num_arena_births: 2000.
num_arena_deaths: 4.
num_vsnodes_births: 17.
num_vsnodes_deaths: 0.
num_space_committed: 2346.
num_space_uncommitted: 0.
num_chunks_returned_to_freelist: 10.
num_chunks_taken_from_freelist: 7903.
num_chunk_merges: 6.
num_chunk_splits: 5195.
num_chunks_enlarged: 3398.
num_purges: 2.
num_inconsistent_stats: 0.

CodeHeap 'non-profiled nmethods': size=120000Kb used=15143Kb max_used=15143Kb free=104857Kb
 bounds [0x000002c74ef90000, 0x000002c74fe60000, 0x000002c7564c0000]
CodeHeap 'profiled nmethods': size=120000Kb used=45071Kb max_used=45071Kb free=74928Kb
 bounds [0x000002c7474c0000, 0x000002c74a0d0000, 0x000002c74e9f0000]
CodeHeap 'non-nmethods': size=5760Kb used=2508Kb max_used=2598Kb free=3251Kb
 bounds [0x000002c74e9f0000, 0x000002c74ec90000, 0x000002c74ef90000]
 total_blobs=23631 nmethods=22585 adapters=957
 compilation: enabled
              stopped_count=0, restarted_count=0
 full_count=0

Compilation events (20 events):
Event: 910.994 Thread 0x000002c75e0e2c90 27306       3       com.google.common.collect.ImmutableList::copyOf (44 bytes)
Event: 910.995 Thread 0x000002c75e0e2c90 nmethod 27306 0x000002c74a0beb90 code [0x000002c74a0bede0, 0x000002c74a0bf788]
Event: 910.995 Thread 0x000002c75e0e2c90 27307       1       org.gradle.api.internal.file.DefaultFilePropertyFactory$DefaultRegularFileVar::publicType (3 bytes)
Event: 910.995 Thread 0x000002c75e0e2c90 nmethod 27307 0x000002c74fe53410 code [0x000002c74fe535a0, 0x000002c74fe53678]
Event: 910.995 Thread 0x000002c75e0e2c90 27308   !   3       java.io.ObjectStreamClass::invokeReadResolve (73 bytes)
Event: 910.996 Thread 0x000002c75e0e2c90 nmethod 27308 0x000002c74a0bfa90 code [0x000002c74a0bfd20, 0x000002c74a0c0978]
Event: 910.997 Thread 0x000002c75e0e2c90 27309       3       com.sun.org.apache.xerces.internal.util.ParserConfigurationSettings::checkFeature (39 bytes)
Event: 910.997 Thread 0x000002c75e0e2c90 nmethod 27309 0x000002c74a0c0e90 code [0x000002c74a0c1060, 0x000002c74a0c13d8]
Event: 911.008 Thread 0x000002c75e0e2c90 27310       3       java.math.BigInteger::<init> (77 bytes)
Event: 911.008 Thread 0x000002c75e0e2c90 nmethod 27310 0x000002c74a0c1510 code [0x000002c74a0c16c0, 0x000002c74a0c1b58]
Event: 911.009 Thread 0x000002c75e0e2c90 27311       3       java.util.Formatter$FormatSpecifier::printInteger (131 bytes)
Event: 911.009 Thread 0x000002c75e0e2c90 nmethod 27311 0x000002c74a0c1c90 code [0x000002c74a0c1f40, 0x000002c74a0c2ec8]
Event: 911.014 Thread 0x000002c75e0e2c90 27312       3       com.android.zipflinger.ZipArchive::fillFreeLocation (95 bytes)
Event: 911.015 Thread 0x000002c75e079ab0 nmethod 27281 0x000002c74fe53710 code [0x000002c74fe539c0, 0x000002c74fe55d90]
Event: 911.015 Thread 0x000002c75e079ab0 27303       4       com.sun.org.apache.xerces.internal.util.SymbolTable::hash (53 bytes)
Event: 911.015 Thread 0x000002c75e0e2c90 nmethod 27312 0x000002c74a0c3190 code [0x000002c74a0c33c0, 0x000002c74a0c3ab8]
Event: 911.017 Thread 0x000002c75e079ab0 nmethod 27303 0x000002c74fe56a90 code [0x000002c74fe56c00, 0x000002c74fe56df8]
Event: 911.017 Thread 0x000002c75e079ab0 27300       4       java.io.ObjectOutputStream$BlockDataOutputStream::writeFloat (46 bytes)
Event: 911.018 Thread 0x000002c75f13ed40 nmethod 27299 0x000002c74fe56f10 code [0x000002c74fe571a0, 0x000002c74fe588e0]
Event: 911.018 Thread 0x000002c75e079ab0 nmethod 27300 0x000002c74fe59810 code [0x000002c74fe59980, 0x000002c74fe59ad8]

GC Heap History (20 events):
Event: 418.326 GC heap after
{Heap after GC invocations=65 (full 0):
 garbage-first heap   total 306176K, used 149706K [0x0000000080000000, 0x0000000100000000)
  region size 1024K, 2 young (2048K), 2 survivors (2048K)
 Metaspace       used 147725K, committed 148736K, reserved 1179648K
  class space    used 19719K, committed 20224K, reserved 1048576K
}
Event: 420.712 GC heap before
{Heap before GC invocations=65 (full 0):
 garbage-first heap   total 306176K, used 207050K [0x0000000080000000, 0x0000000100000000)
  region size 1024K, 60 young (61440K), 2 survivors (2048K)
 Metaspace       used 147981K, committed 149056K, reserved 1179648K
  class space    used 19740K, committed 20224K, reserved 1048576K
}
Event: 420.721 GC heap after
{Heap after GC invocations=66 (full 0):
 garbage-first heap   total 306176K, used 153055K [0x0000000080000000, 0x0000000100000000)
  region size 1024K, 5 young (5120K), 5 survivors (5120K)
 Metaspace       used 147981K, committed 149056K, reserved 1179648K
  class space    used 19740K, committed 20224K, reserved 1048576K
}
Event: 496.788 GC heap before
{Heap before GC invocations=67 (full 0):
 garbage-first heap   total 306176K, used 259551K [0x0000000080000000, 0x0000000100000000)
  region size 1024K, 97 young (99328K), 5 survivors (5120K)
 Metaspace       used 148218K, committed 149248K, reserved 1179648K
  class space    used 19743K, committed 20224K, reserved 1048576K
}
Event: 496.816 GC heap after
{Heap after GC invocations=68 (full 0):
 garbage-first heap   total 306176K, used 156359K [0x0000000080000000, 0x0000000100000000)
  region size 1024K, 13 young (13312K), 13 survivors (13312K)
 Metaspace       used 148218K, committed 149248K, reserved 1179648K
  class space    used 19743K, committed 20224K, reserved 1048576K
}
Event: 496.830 GC heap before
{Heap before GC invocations=68 (full 0):
 garbage-first heap   total 306176K, used 157383K [0x0000000080000000, 0x0000000100000000)
  region size 1024K, 14 young (14336K), 13 survivors (13312K)
 Metaspace       used 148222K, committed 149248K, reserved 1179648K
  class space    used 19744K, committed 20224K, reserved 1048576K
}
Event: 496.856 GC heap after
{Heap after GC invocations=69 (full 0):
 garbage-first heap   total 306176K, used 145385K [0x0000000080000000, 0x0000000100000000)
  region size 1024K, 2 young (2048K), 2 survivors (2048K)
 Metaspace       used 148222K, committed 149248K, reserved 1179648K
  class space    used 19744K, committed 20224K, reserved 1048576K
}
Event: 498.928 GC heap before
{Heap before GC invocations=69 (full 0):
 garbage-first heap   total 306176K, used 174057K [0x0000000080000000, 0x0000000100000000)
  region size 1024K, 31 young (31744K), 2 survivors (2048K)
 Metaspace       used 148412K, committed 149568K, reserved 1179648K
  class space    used 19750K, committed 20288K, reserved 1048576K
}
Event: 498.933 GC heap after
{Heap after GC invocations=70 (full 0):
 garbage-first heap   total 306176K, used 145897K [0x0000000080000000, 0x0000000100000000)
  region size 1024K, 2 young (2048K), 2 survivors (2048K)
 Metaspace       used 148412K, committed 149568K, reserved 1179648K
  class space    used 19750K, committed 20288K, reserved 1048576K
}
Event: 592.479 GC heap before
{Heap before GC invocations=71 (full 0):
 garbage-first heap   total 306176K, used 265705K [0x0000000080000000, 0x0000000100000000)
  region size 1024K, 101 young (103424K), 2 survivors (2048K)
 Metaspace       used 148692K, committed 149824K, reserved 1179648K
  class space    used 19761K, committed 20288K, reserved 1048576K
}
Event: 592.495 GC heap after
{Heap after GC invocations=72 (full 0):
 garbage-first heap   total 306176K, used 155212K [0x0000000080000000, 0x0000000100000000)
  region size 1024K, 12 young (12288K), 12 survivors (12288K)
 Metaspace       used 148692K, committed 149824K, reserved 1179648K
  class space    used 19761K, committed 20288K, reserved 1048576K
}
Event: 592.523 GC heap before
{Heap before GC invocations=72 (full 0):
 garbage-first heap   total 306176K, used 157260K [0x0000000080000000, 0x0000000100000000)
  region size 1024K, 14 young (14336K), 12 survivors (12288K)
 Metaspace       used 148700K, committed 149824K, reserved 1179648K
  class space    used 19761K, committed 20288K, reserved 1048576K
}
Event: 592.543 GC heap after
{Heap after GC invocations=73 (full 0):
 garbage-first heap   total 306176K, used 147745K [0x0000000080000000, 0x0000000100000000)
  region size 1024K, 2 young (2048K), 2 survivors (2048K)
 Metaspace       used 148700K, committed 149824K, reserved 1179648K
  class space    used 19761K, committed 20288K, reserved 1048576K
}
Event: 594.242 GC heap before
{Heap before GC invocations=73 (full 0):
 garbage-first heap   total 306176K, used 168225K [0x0000000080000000, 0x0000000100000000)
  region size 1024K, 24 young (24576K), 2 survivors (2048K)
 Metaspace       used 148756K, committed 149824K, reserved 1179648K
  class space    used 19761K, committed 20288K, reserved 1048576K
}
Event: 594.244 GC heap after
{Heap after GC invocations=74 (full 0):
 garbage-first heap   total 306176K, used 147655K [0x0000000080000000, 0x0000000100000000)
  region size 1024K, 2 young (2048K), 2 survivors (2048K)
 Metaspace       used 148756K, committed 149824K, reserved 1179648K
  class space    used 19761K, committed 20288K, reserved 1048576K
}
Event: 909.576 GC heap before
{Heap before GC invocations=75 (full 0):
 garbage-first heap   total 306176K, used 266439K [0x0000000080000000, 0x0000000100000000)
  region size 1024K, 103 young (105472K), 2 survivors (2048K)
 Metaspace       used 149019K, committed 150144K, reserved 1179648K
  class space    used 19762K, committed 20288K, reserved 1048576K
}
Event: 909.589 GC heap after
{Heap after GC invocations=76 (full 0):
 garbage-first heap   total 306176K, used 154687K [0x0000000080000000, 0x0000000100000000)
  region size 1024K, 11 young (11264K), 11 survivors (11264K)
 Metaspace       used 149019K, committed 150144K, reserved 1179648K
  class space    used 19762K, committed 20288K, reserved 1048576K
}
Event: 909.600 GC heap before
{Heap before GC invocations=76 (full 0):
 garbage-first heap   total 306176K, used 157759K [0x0000000080000000, 0x0000000100000000)
  region size 1024K, 14 young (14336K), 11 survivors (11264K)
 Metaspace       used 149022K, committed 150144K, reserved 1179648K
  class space    used 19762K, committed 20288K, reserved 1048576K
}
Event: 909.614 GC heap after
{Heap after GC invocations=77 (full 0):
 garbage-first heap   total 306176K, used 148218K [0x0000000080000000, 0x0000000100000000)
  region size 1024K, 2 young (2048K), 2 survivors (2048K)
 Metaspace       used 149022K, committed 150144K, reserved 1179648K
  class space    used 19762K, committed 20288K, reserved 1048576K
}
Event: 911.023 GC heap before
{Heap before GC invocations=77 (full 0):
 garbage-first heap   total 306176K, used 168698K [0x0000000080000000, 0x0000000100000000)
  region size 1024K, 24 young (24576K), 2 survivors (2048K)
 Metaspace       used 149076K, committed 150208K, reserved 1179648K
  class space    used 19763K, committed 20288K, reserved 1048576K
}

Dll operation events (2 events):
Event: 0.072 Loaded shared library D:\Data aplikasi\Android Studio\jbr\bin\java.dll
Event: 0.585 Loaded shared library D:\Data aplikasi\Android Studio\jbr\bin\verify.dll

Deoptimization events (20 events):
Event: 910.887 Thread 0x000002c761391910 DEOPT PACKING pc=0x000002c74fd56434 sp=0x000000eb042fd1f0
Event: 910.887 Thread 0x000002c761391910 DEOPT UNPACKING pc=0x000002c74ea4a1a3 sp=0x000000eb042fd1a0 mode 2
Event: 910.889 Thread 0x000002c761391910 Uncommon trap: trap_request=0xffffff76 fr.pc=0x000002c74fe3feac relative=0x000000000000040c
Event: 910.889 Thread 0x000002c761391910 Uncommon trap: reason=predicate action=maybe_recompile pc=0x000002c74fe3feac method=java.util.HashMap.keysToArray([Ljava/lang/Object;)[Ljava/lang/Object; @ 46 c2
Event: 910.889 Thread 0x000002c761391910 DEOPT PACKING pc=0x000002c74fe3feac sp=0x000000eb042fbff0
Event: 910.889 Thread 0x000002c761391910 DEOPT UNPACKING pc=0x000002c74ea4a1a3 sp=0x000000eb042fbfa0 mode 2
Event: 910.890 Thread 0x000002c761391910 Uncommon trap: trap_request=0xffffffbe fr.pc=0x000002c74fd56434 relative=0x0000000000000314
Event: 910.890 Thread 0x000002c761391910 Uncommon trap: reason=profile_predicate action=maybe_recompile pc=0x000002c74fd56434 method=java.util.HashMap.keysToArray([Ljava/lang/Object;)[Ljava/lang/Object; @ 32 c2
Event: 910.890 Thread 0x000002c761391910 DEOPT PACKING pc=0x000002c74fd56434 sp=0x000000eb042fd180
Event: 910.890 Thread 0x000002c761391910 DEOPT UNPACKING pc=0x000002c74ea4a1a3 sp=0x000000eb042fd130 mode 2
Event: 910.971 Thread 0x000002c76b10e910 DEOPT PACKING pc=0x000002c747ee3e18 sp=0x000000eb048fd070
Event: 910.971 Thread 0x000002c76b10e910 DEOPT UNPACKING pc=0x000002c74ea4ace3 sp=0x000000eb048fc518 mode 0
Event: 910.972 Thread 0x000002c76b10e910 Uncommon trap: trap_request=0xffffffd6 fr.pc=0x000002c74fcc22c8 relative=0x0000000000001648
Event: 910.972 Thread 0x000002c76b10e910 Uncommon trap: reason=array_check action=maybe_recompile pc=0x000002c74fcc22c8 method=java.util.TimSort.mergeLo(IIII)V @ 81 c2
Event: 910.972 Thread 0x000002c76b10e910 DEOPT PACKING pc=0x000002c74fcc22c8 sp=0x000000eb048fcf50
Event: 910.972 Thread 0x000002c76b10e910 DEOPT UNPACKING pc=0x000002c74ea4a1a3 sp=0x000000eb048fcf10 mode 2
Event: 910.989 Thread 0x000002c761391910 Uncommon trap: trap_request=0xffffffbe fr.pc=0x000002c74fe40ec8 relative=0x0000000000000228
Event: 910.989 Thread 0x000002c761391910 Uncommon trap: reason=profile_predicate action=maybe_recompile pc=0x000002c74fe40ec8 method=java.util.HashMap.keysToArray([Ljava/lang/Object;)[Ljava/lang/Object; @ 48 c2
Event: 910.989 Thread 0x000002c761391910 DEOPT PACKING pc=0x000002c74fe40ec8 sp=0x000000eb042fbba0
Event: 910.989 Thread 0x000002c761391910 DEOPT UNPACKING pc=0x000002c74ea4a1a3 sp=0x000000eb042fbb38 mode 2

Classes unloaded (2 events):
Event: 19.470 Thread 0x000002c75d5eec30 Unloading class 0x0000000100d2c800 'java/lang/invoke/LambdaForm$DMH+0x0000000100d2c800'
Event: 19.470 Thread 0x000002c75d5eec30 Unloading class 0x0000000100d2c400 'java/lang/invoke/LambdaForm$DMH+0x0000000100d2c400'

Classes redefined (0 events):
No events

Internal exceptions (20 events):
Event: 594.299 Thread 0x000002c76a8d39c0 Exception <a 'sun/nio/fs/WindowsException'{0x00000000929bac28}> (0x00000000929bac28) 
thrown [s\src\hotspot\share\prims\jni.cpp, line 517]
Event: 594.299 Thread 0x000002c76a8d39c0 Exception <a 'sun/nio/fs/WindowsException'{0x00000000929bafe0}> (0x00000000929bafe0) 
thrown [s\src\hotspot\share\prims\jni.cpp, line 517]
Event: 594.299 Thread 0x000002c76a8d39c0 Exception <a 'sun/nio/fs/WindowsException'{0x00000000929bcea0}> (0x00000000929bcea0) 
thrown [s\src\hotspot\share\prims\jni.cpp, line 517]
Event: 908.858 Thread 0x000002c76ef31f00 Exception <a 'sun/nio/fs/WindowsException'{0x000000008faeb5c8}> (0x000000008faeb5c8) 
thrown [s\src\hotspot\share\prims\jni.cpp, line 517]
Event: 909.011 Thread 0x000002c76ef31f00 Exception <a 'sun/nio/fs/WindowsException'{0x000000008ebb2d08}> (0x000000008ebb2d08) 
thrown [s\src\hotspot\share\prims\jni.cpp, line 517]
Event: 909.017 Thread 0x000002c76ef31f00 Exception <a 'sun/nio/fs/WindowsException'{0x000000008ea50f00}> (0x000000008ea50f00) 
thrown [s\src\hotspot\share\prims\jni.cpp, line 517]
Event: 909.017 Thread 0x000002c76ef31f00 Exception <a 'sun/nio/fs/WindowsException'{0x000000008ea52278}> (0x000000008ea52278) 
thrown [s\src\hotspot\share\prims\jni.cpp, line 517]
Event: 909.017 Thread 0x000002c76ef31f00 Exception <a 'sun/nio/fs/WindowsException'{0x000000008ea53640}> (0x000000008ea53640) 
thrown [s\src\hotspot\share\prims\jni.cpp, line 517]
Event: 909.017 Thread 0x000002c76ef31f00 Exception <a 'sun/nio/fs/WindowsException'{0x000000008ea54a08}> (0x000000008ea54a08) 
thrown [s\src\hotspot\share\prims\jni.cpp, line 517]
Event: 909.093 Thread 0x000002c7637079a0 Exception <a 'sun/nio/fs/WindowsException'{0x000000008e5bcb48}> (0x000000008e5bcb48) 
thrown [s\src\hotspot\share\prims\jni.cpp, line 517]
Event: 909.561 Thread 0x000002c761391910 Exception <a 'sun/nio/fs/WindowsException'{0x000000008c619490}> (0x000000008c619490) 
thrown [s\src\hotspot\share\prims\jni.cpp, line 517]
Event: 909.619 Thread 0x000002c766b7f880 Exception <a 'java/lang/InterruptedException'{0x0000000092ace4d8}> (0x0000000092ace4d8) 
thrown [s\src\hotspot\share\runtime\objectMonitor.cpp, line 1648]
Event: 909.620 Thread 0x000002c761391910 Exception <a 'sun/nio/fs/WindowsException'{0x0000000092a4fc88}> (0x0000000092a4fc88) 
thrown [s\src\hotspot\share\prims\jni.cpp, line 517]
Event: 909.630 Thread 0x000002c761391910 Exception <a 'sun/nio/fs/WindowsException'{0x0000000092567fd0}> (0x0000000092567fd0) 
thrown [s\src\hotspot\share\prims\jni.cpp, line 517]
Event: 910.908 Thread 0x000002c7616019c0 Exception <a 'sun/nio/fs/WindowsException'{0x0000000091eadc38}> (0x0000000091eadc38) 
thrown [s\src\hotspot\share\prims\jni.cpp, line 517]
Event: 910.933 Thread 0x000002c7616019c0 Exception <a 'sun/nio/fs/WindowsException'{0x0000000091a4d830}> (0x0000000091a4d830) 
thrown [s\src\hotspot\share\prims\jni.cpp, line 517]
Event: 910.956 Thread 0x000002c766b7e540 Exception <a 'sun/nio/fs/WindowsException'{0x0000000091912e50}> (0x0000000091912e50) 
thrown [s\src\hotspot\share\prims\jni.cpp, line 517]
Event: 910.957 Thread 0x000002c766b7e540 Exception <a 'sun/nio/fs/WindowsException'{0x0000000091913210}> (0x0000000091913210) 
thrown [s\src\hotspot\share\prims\jni.cpp, line 517]
Event: 910.959 Thread 0x000002c76b10e910 Exception <a 'sun/nio/fs/WindowsException'{0x00000000919429e8}> (0x00000000919429e8) 
thrown [s\src\hotspot\share\prims\jni.cpp, line 517]
Event: 910.978 Thread 0x000002c76b10e910 Exception <a 'sun/nio/fs/WindowsException'{0x0000000091614ca0}> (0x0000000091614ca0) 
thrown [s\src\hotspot\share\prims\jni.cpp, line 517]

VM Operations (20 events):
Event: 797.655 Executing VM operation: Cleanup done
Event: 862.699 Executing VM operation: Cleanup
Event: 862.699 Executing VM operation: Cleanup done
Event: 874.706 Executing VM operation: Cleanup
Event: 874.706 Executing VM operation: Cleanup done
Event: 902.720 Executing VM operation: Cleanup
Event: 902.720 Executing VM operation: Cleanup done
Event: 908.724 Executing VM operation: Cleanup
Event: 908.724 Executing VM operation: Cleanup done
Event: 908.910 Executing VM operation: HandshakeAllThreads
Event: 908.910 Executing VM operation: HandshakeAllThreads done
Event: 909.137 Executing VM operation: ICBufferFull
Event: 909.137 Executing VM operation: ICBufferFull done
Event: 909.576 Executing VM operation: G1CollectForAllocation
Event: 909.589 Executing VM operation: G1CollectForAllocation done
Event: 909.600 Executing VM operation: G1CollectForAllocation
Event: 909.616 Executing VM operation: G1CollectForAllocation done
Event: 910.616 Executing VM operation: Cleanup
Event: 910.616 Executing VM operation: Cleanup done
Event: 911.023 Executing VM operation: G1TryInitiateConcMark

Events (20 events):
Event: 908.946 Thread 0x000002c75e0f3180 flushing nmethod 0x000002c748feee90
Event: 908.946 Thread 0x000002c75e0f3180 flushing nmethod 0x000002c749055a90
Event: 908.949 Thread 0x000002c75e0f3180 flushing nmethod 0x000002c749324e10
Event: 908.950 Thread 0x000002c75e0f3180 flushing nmethod 0x000002c7493a7890
Event: 909.064 Thread 0x000002c7637079a0 Thread added: 0x000002c7637079a0
Event: 909.065 Thread 0x000002c761390aa0 Thread added: 0x000002c761390aa0
Event: 909.065 Thread 0x000002c761391440 Thread added: 0x000002c761391440
Event: 909.065 Thread 0x000002c761391910 Thread added: 0x000002c761391910
Event: 909.066 Thread 0x000002c761391de0 Thread added: 0x000002c761391de0
Event: 909.556 Thread 0x000002c7616019c0 Thread added: 0x000002c7616019c0
Event: 909.615 Thread 0x000002c766b7f880 Thread added: 0x000002c766b7f880
Event: 909.630 Thread 0x000002c763707e70 Thread added: 0x000002c763707e70
Event: 910.495 Thread 0x000002c75f13f250 Thread exited: 0x000002c75f13f250
Event: 910.900 Thread 0x000002c766b7e540 Thread added: 0x000002c766b7e540
Event: 910.901 Thread 0x000002c766b7f3b0 Thread added: 0x000002c766b7f3b0
Event: 910.901 Thread 0x000002c76b10e910 Thread added: 0x000002c76b10e910
Event: 910.901 Thread 0x000002c76b10ede0 Thread added: 0x000002c76b10ede0
Event: 910.915 Thread 0x000002c75f13ed40 Thread added: 0x000002c75f13ed40
Event: 911.012 Thread 0x000002c76b10f2b0 Thread added: 0x000002c76b10f2b0
Event: 911.023 Thread 0x000002c76b10df70 Thread added: 0x000002c76b10df70


Dynamic libraries:
0x00007ff698f10000 - 0x00007ff698f1a000 	D:\Data aplikasi\Android Studio\jbr\bin\java.exe
0x00007ffdce930000 - 0x00007ffdceb27000 	C:\Windows\SYSTEM32\ntdll.dll
0x00007ffdcd4f0000 - 0x00007ffdcd5ad000 	C:\Windows\System32\KERNEL32.DLL
0x00007ffdcc180000 - 0x00007ffdcc44d000 	C:\Windows\System32\KERNELBASE.dll
0x00007ffdcc080000 - 0x00007ffdcc180000 	C:\Windows\System32\ucrtbase.dll
0x00007ffd95320000 - 0x00007ffd95337000 	D:\Data aplikasi\Android Studio\jbr\bin\jli.dll
0x00007ffda67b0000 - 0x00007ffda67cb000 	D:\Data aplikasi\Android Studio\jbr\bin\VCRUNTIME140.dll
0x00007ffdcccd0000 - 0x00007ffdcce70000 	C:\Windows\System32\USER32.dll
0x00007ffdcc960000 - 0x00007ffdcc982000 	C:\Windows\System32\win32u.dll
0x00007ffdb4e70000 - 0x00007ffdb510a000 	C:\Windows\WinSxS\amd64_microsoft.windows.common-controls_6595b64144ccf1df_6.0.19041.1110_none_60b5254171f9507e\COMCTL32.dll
0x00007ffdccf20000 - 0x00007ffdccf4a000 	C:\Windows\System32\GDI32.dll
0x00007ffdcd610000 - 0x00007ffdcd6ae000 	C:\Windows\System32\msvcrt.dll
0x00007ffdcc850000 - 0x00007ffdcc95b000 	C:\Windows\System32\gdi32full.dll
0x00007ffdcc670000 - 0x00007ffdcc70d000 	C:\Windows\System32\msvcp_win.dll
0x00007ffdcdfe0000 - 0x00007ffdce010000 	C:\Windows\System32\IMM32.DLL
0x00007ffda67a0000 - 0x00007ffda67ac000 	D:\Data aplikasi\Android Studio\jbr\bin\vcruntime140_1.dll
0x00007ffd8dbc0000 - 0x00007ffd8dc4d000 	D:\Data aplikasi\Android Studio\jbr\bin\msvcp140.dll
0x00007ffd53280000 - 0x00007ffd53eee000 	D:\Data aplikasi\Android Studio\jbr\bin\server\jvm.dll
0x00007ffdccb20000 - 0x00007ffdccbce000 	C:\Windows\System32\ADVAPI32.dll
0x00007ffdcdf40000 - 0x00007ffdcdfdc000 	C:\Windows\System32\sechost.dll
0x00007ffdce760000 - 0x00007ffdce885000 	C:\Windows\System32\RPCRT4.dll
0x00007ffdb2150000 - 0x00007ffdb2177000 	C:\Windows\SYSTEM32\WINMM.dll
0x00007ffdbe8f0000 - 0x00007ffdbe8fa000 	C:\Windows\SYSTEM32\VERSION.dll
0x00007ffdab4a0000 - 0x00007ffdab4a9000 	C:\Windows\SYSTEM32\WSOCK32.dll
0x00007ffdcd010000 - 0x00007ffdcd07b000 	C:\Windows\System32\ws2_32.DLL
0x00007ffdca910000 - 0x00007ffdca922000 	C:\Windows\SYSTEM32\kernel.appcore.dll
0x00007ffdaa680000 - 0x00007ffdaa68a000 	D:\Data aplikasi\Android Studio\jbr\bin\jimage.dll
0x00007ffdc9c90000 - 0x00007ffdc9e74000 	C:\Windows\SYSTEM32\DBGHELP.DLL
0x00007ffda6ee0000 - 0x00007ffda6f0c000 	C:\Windows\SYSTEM32\dbgcore.DLL
0x00007ffdcc710000 - 0x00007ffdcc792000 	C:\Windows\System32\bcryptPrimitives.dll
0x00007ffd955e0000 - 0x00007ffd95605000 	D:\Data aplikasi\Android Studio\jbr\bin\java.dll
0x00007ffdaa480000 - 0x00007ffdaa498000 	D:\Data aplikasi\Android Studio\jbr\bin\zip.dll
0x00007ffdcd6b0000 - 0x00007ffdcddf4000 	C:\Windows\System32\SHELL32.dll
0x00007ffdc9f80000 - 0x00007ffdca714000 	C:\Windows\SYSTEM32\windows.storage.dll
0x00007ffdce020000 - 0x00007ffdce374000 	C:\Windows\System32\combase.dll
0x00007ffdcbab0000 - 0x00007ffdcbadc000 	C:\Windows\SYSTEM32\Wldp.dll
0x00007ffdcce70000 - 0x00007ffdccf1d000 	C:\Windows\System32\SHCORE.dll
0x00007ffdcc9f0000 - 0x00007ffdcca45000 	C:\Windows\System32\shlwapi.dll
0x00007ffdcbf90000 - 0x00007ffdcbfaf000 	C:\Windows\SYSTEM32\profapi.dll
0x00007ffda66b0000 - 0x00007ffda66c9000 	D:\Data aplikasi\Android Studio\jbr\bin\net.dll
0x00007ffdc2ca0000 - 0x00007ffdc2daa000 	C:\Windows\SYSTEM32\WINHTTP.dll
0x00007ffdcb810000 - 0x00007ffdcb87a000 	C:\Windows\system32\mswsock.dll
0x00007ffd95590000 - 0x00007ffd955a6000 	D:\Data aplikasi\Android Studio\jbr\bin\nio.dll
0x00007ffdaa670000 - 0x00007ffdaa680000 	D:\Data aplikasi\Android Studio\jbr\bin\verify.dll
0x00007ffd5cbb0000 - 0x00007ffd5cbd7000 	C:\Users\ASUS\.gradle\native\68d5fa5c4cc2d200863cafc0d521ce42e7d3e7ee720ec0a83991735586a16f82\windows-amd64\native-platform.dll
0x00007ffd64470000 - 0x00007ffd645b4000 	C:\Users\ASUS\.gradle\native\e376f236ea51e6404a007f0833ffe2c6e607c4080706a723a18a27aeea778392\windows-amd64\native-platform-file-events.dll
0x00007ffdaa5b0000 - 0x00007ffdaa5b9000 	D:\Data aplikasi\Android Studio\jbr\bin\management.dll
0x00007ffd99110000 - 0x00007ffd9911b000 	D:\Data aplikasi\Android Studio\jbr\bin\management_ext.dll
0x00007ffdcd000000 - 0x00007ffdcd008000 	C:\Windows\System32\PSAPI.DLL
0x00007ffdcba00000 - 0x00007ffdcba18000 	C:\Windows\SYSTEM32\CRYPTSP.dll
0x00007ffdcb120000 - 0x00007ffdcb154000 	C:\Windows\system32\rsaenh.dll
0x00007ffdcc050000 - 0x00007ffdcc077000 	C:\Windows\System32\bcrypt.dll
0x00007ffdcbf10000 - 0x00007ffdcbf3e000 	C:\Windows\SYSTEM32\USERENV.dll
0x00007ffdcba20000 - 0x00007ffdcba2c000 	C:\Windows\SYSTEM32\CRYPTBASE.dll
0x00007ffdcb4b0000 - 0x00007ffdcb4eb000 	C:\Windows\SYSTEM32\IPHLPAPI.DLL
0x00007ffdce010000 - 0x00007ffdce018000 	C:\Windows\System32\NSI.dll
0x00007ffdc0020000 - 0x00007ffdc0037000 	C:\Windows\SYSTEM32\dhcpcsvc6.DLL
0x00007ffdbf850000 - 0x00007ffdbf86d000 	C:\Windows\SYSTEM32\dhcpcsvc.DLL
0x00007ffdcb500000 - 0x00007ffdcb5cb000 	C:\Windows\SYSTEM32\DNSAPI.dll
0x00007ffdaf2b0000 - 0x00007ffdaf2b7000 	C:\Windows\system32\wshunix.dll
0x00007ffda3a30000 - 0x00007ffda3a47000 	C:\Windows\system32\napinsp.dll
0x00007ffda3d10000 - 0x00007ffda3d2b000 	C:\Windows\system32\pnrpnsp.dll
0x00007ffdc2a30000 - 0x00007ffdc2a45000 	C:\Windows\system32\wshbth.dll
0x00007ffdc3ab0000 - 0x00007ffdc3acd000 	C:\Windows\system32\NLAapi.dll
0x00007ffda3cf0000 - 0x00007ffda3d02000 	C:\Windows\System32\winrnr.dll
0x00007ffdbeaf0000 - 0x00007ffdbeafa000 	C:\Windows\System32\rasadhlp.dll
0x00007ffdb9ae0000 - 0x00007ffdb9b60000 	C:\Windows\System32\fwpuclnt.dll
0x00007ffdcad50000 - 0x00007ffdcad83000 	C:\Windows\SYSTEM32\ntmarta.dll
0x00007ffd99180000 - 0x00007ffd9919e000 	C:\Users\ASUS\AppData\Local\Temp\native-platform14038052495274423183dir\native-platform.dll
0x00007ffda66d0000 - 0x00007ffda66d7000 	D:\Data aplikasi\Android Studio\jbr\bin\rmi.dll

dbghelp: loaded successfully - version: 4.0.5 - missing functions: none
symbol engine: initialized successfully - sym options: 0x614 - pdb path: .;D:\Data aplikasi\Android Studio\jbr\bin;C:\Windows\SYSTEM32;C:\Windows\WinSxS\amd64_microsoft.windows.common-controls_6595b64144ccf1df_6.0.19041.1110_none_60b5254171f9507e;D:\Data aplikasi\Android Studio\jbr\bin\server;C:\Users\ASUS\.gradle\native\68d5fa5c4cc2d200863cafc0d521ce42e7d3e7ee720ec0a83991735586a16f82\windows-amd64;C:\Users\ASUS\.gradle\native\e376f236ea51e6404a007f0833ffe2c6e607c4080706a723a18a27aeea778392\windows-amd64;C:\Users\ASUS\AppData\Local\Temp\native-platform14038052495274423183dir

VM Arguments:
jvm_args: --add-opens=java.base/java.util=ALL-UNNAMED --add-opens=java.base/java.lang=ALL-UNNAMED --add-opens=java.base/java.lang.invoke=ALL-UNNAMED --add-opens=java.prefs/java.util.prefs=ALL-UNNAMED --add-opens=java.base/java.nio.charset=ALL-UNNAMED --add-opens=java.base/java.net=ALL-UNNAMED --add-opens=java.base/java.util.concurrent.atomic=ALL-UNNAMED -Xmx2048m -Dfile.encoding=UTF-8 -Duser.country=US -Duser.language=en -Duser.variant 
java_command: org.gradle.launcher.daemon.bootstrap.GradleDaemon 8.0
java_class_path (initial): C:\Users\ASUS\.gradle\wrapper\dists\gradle-8.0-bin\ca5e32bp14vu59qr306oxotwh\gradle-8.0\lib\gradle-launcher-8.0.jar
Launcher Type: SUN_STANDARD

[Global flags]
     intx CICompilerCount                          = 3                                         {product} {ergonomic}
     uint ConcGCThreads                            = 1                                         {product} {ergonomic}
     uint G1ConcRefinementThreads                  = 4                                         {product} {ergonomic}
   size_t G1HeapRegionSize                         = 1048576                                   {product} {ergonomic}
    uintx GCDrainStackTargetSize                   = 64                                        {product} {ergonomic}
   size_t InitialHeapSize                          = 197132288                                 {product} {ergonomic}
   size_t MarkStackSize                            = 4194304                                   {product} {ergonomic}
   size_t MaxHeapSize                              = 2147483648                                {product} {command line}
   size_t MaxNewSize                               = 1287651328                                {product} {ergonomic}
   size_t MinHeapDeltaBytes                        = 1048576                                   {product} {ergonomic}
   size_t MinHeapSize                              = 8388608                                   {product} {ergonomic}
    uintx NonNMethodCodeHeapSize                   = 5832780                                {pd product} {ergonomic}
    uintx NonProfiledCodeHeapSize                  = 122912730                              {pd product} {ergonomic}
    uintx ProfiledCodeHeapSize                     = 122912730                              {pd product} {ergonomic}
    uintx ReservedCodeCacheSize                    = 251658240                              {pd product} {ergonomic}
     bool SegmentedCodeCache                       = true                                      {product} {ergonomic}
   size_t SoftMaxHeapSize                          = 2147483648                             {manageable} {ergonomic}
     bool UseCompressedClassPointers               = true                           {product lp64_product} {ergonomic}
     bool UseCompressedOops                        = true                           {product lp64_product} {ergonomic}
     bool UseG1GC                                  = true                                      {product} {ergonomic}
     bool UseLargePagesIndividualAllocation        = false                                  {pd product} {ergonomic}

Logging:
Log output configuration:
 #0: stdout all=warning uptime,level,tags
 #1: stderr all=off uptime,level,tags

Environment Variables:
JAVA_HOME=C:\Users\ASUS\AppData\Local\Programs\Eclipse Adoptium\jdk-17.0.6.10-hotspot\
PATH=C:\Program Files\Common Files\Oracle\Java\javapath;C:\Windows\system32;C:\Windows;C:\Windows\System32\Wbem;C:\Windows\System32\WindowsPowerShell\v1.0\;C:\Windows\System32\OpenSSH\;C:\Program Files (x86)\NVIDIA Corporation\PhysX\Common;C:\Program Files\NVIDIA Corporation\NVIDIA NvDLISR;C:\Program Files (x86)\dotnet\;C:\Program Files\dotnet\;D:\Download\mingw-w64-v9.0.0\bin;D:\R Studio\rtools40;D:\Data aplikasi\SPSS\JRE\bin;C:\Program Files\Git\cmd;D:\Xampp\php;C:\ProgramData\ComposerSetup\bin;C:\Program Files\nodejs\;D:\Data aplikasi\Anaconda;D:\Data aplikasi\Anaconda\Library\mingw-w64\bin;D:\Data aplikasi\Anaconda\Library\usr\bin;D:\Data aplikasi\Anaconda\Library\bin;D:\Data aplikasi\Anaconda\Scripts;C:\Users\ASUS\AppData\Local\Programs\Eclipse Adoptium\jdk-17.0.6.10-hotspot\bin;C:\Users\ASUS\AppData\Local\Programs\Python\Python39\Scripts\;C:\Users\ASUS\AppData\Local\Programs\Python\Python39\;C:\Users\ASUS\AppData\Local\Microsoft\WindowsApps;C:\Users\ASUS\AppData\Local\Programs\Microsoft VS Code\bin;C:\Users\ASUS\AppData\Roaming\Composer\vendor\bin;D:\Xampp new\php\ext;D:\Xampp new\php;D:\Xampp new\php\php.ini;C:\Users\ASUS\AppData\Local\GitHubDesktop\bin;C:\Users\ASUS\AppData\Roaming\npm;C:\Program Files\MongoDB\Server\6.0\bin;C:\Users\ASUS\AppData\Roaming\TinyTeX\bin\windows;D:\Data aplikasi\Nmap
USERNAME=ASUS
OS=Windows_NT
PROCESSOR_IDENTIFIER=Intel64 Family 6 Model 140 Stepping 1, GenuineIntel
TMP=C:\Users\ASUS\AppData\Local\Temp
TEMP=C:\Users\ASUS\AppData\Local\Temp


JNI global refs:
JNI global refs: 25, weak refs: 0

JNI global refs memory usage: 843, weak refs: 841


---------------  S Y S T E M  ---------------

OS:
 Windows 10 , 64 bit Build 19041 (10.0.19041.1741)
OS uptime: 0 days 19:27 hours

CPU: total 4 (initial active 4) (2 cores per cpu, 2 threads per core) family 6 model 140 stepping 1 microcode 0x86, cx8, cmov, fxsr, ht, mmx, 3dnowpref, sse, sse2, sse3, ssse3, sse4.1, sse4.2, popcnt, lzcnt, tsc, tscinvbit, avx, avx2, aes, erms, clmul, bmi1, bmi2, adx, avx512f, avx512dq, avx512cd, avx512bw, avx512vl, sha, fma, vzeroupper, avx512_vpopcntdq, avx512_vpclmulqdq, avx512_vaes, avx512_vnni, clflush, clflushopt, clwb, avx512_vbmi2, avx512_vbmi

Memory: 4k page, system-wide physical 11982M (4610M free)
TotalPageFile size 20174M (AvailPageFile size 124M)
current process WorkingSet (physical memory assigned to process): 424M, peak: 650M
current process commit charge ("private bytes"): 698M, peak: 1296M

vm_info: OpenJDK 64-Bit Server VM (17.0.6+0-b2043.56-10027231) for windows-amd64 JRE (17.0.6+0-b2043.56-10027231), built on Apr 28 2023 00:43:19 by "androidbuild" with MS VC++ 16.10 / 16.11 (VS2019)

END.
